[2024-12-28 18:09:12Z INFO HostContext] No proxy settings were found based on environmental variables (http_proxy/https_proxy/HTTP_PROXY/HTTPS_PROXY)
[2024-12-28 18:09:12Z INFO HostContext] Well known directory 'Bin': '/home/cljacbs2/Documents/ECEA 5305/assignment-1-cdyjcbs/actions-runner/bin'
[2024-12-28 18:09:12Z INFO HostContext] Well known directory 'Root': '/home/cljacbs2/Documents/ECEA 5305/assignment-1-cdyjcbs/actions-runner'
[2024-12-28 18:09:12Z INFO HostContext] Well known config file 'Credentials': '/home/cljacbs2/Documents/ECEA 5305/assignment-1-cdyjcbs/actions-runner/.credentials'
[2024-12-28 18:09:12Z INFO HostContext] Well known directory 'Bin': '/home/cljacbs2/Documents/ECEA 5305/assignment-1-cdyjcbs/actions-runner/bin'
[2024-12-28 18:09:12Z INFO HostContext] Well known directory 'Root': '/home/cljacbs2/Documents/ECEA 5305/assignment-1-cdyjcbs/actions-runner'
[2024-12-28 18:09:12Z INFO HostContext] Well known config file 'Runner': '/home/cljacbs2/Documents/ECEA 5305/assignment-1-cdyjcbs/actions-runner/.runner'
[2024-12-28 18:09:12Z INFO Listener] Runner is built for Linux (X64) - linux-x64.
[2024-12-28 18:09:12Z INFO Listener] RuntimeInformation: Ubuntu 22.04.5 LTS.
[2024-12-28 18:09:12Z INFO Listener] Version: 2.321.0
[2024-12-28 18:09:12Z INFO Listener] Commit: e249007931b7c8e857797fa259c167f0bd4f997a
[2024-12-28 18:09:12Z INFO Listener] Culture: en-US
[2024-12-28 18:09:12Z INFO Listener] UI Culture: en-US
[2024-12-28 18:09:12Z INFO HostContext] Well known directory 'Bin': '/home/cljacbs2/Documents/ECEA 5305/assignment-1-cdyjcbs/actions-runner/bin'
[2024-12-28 18:09:12Z INFO HostContext] Well known directory 'Root': '/home/cljacbs2/Documents/ECEA 5305/assignment-1-cdyjcbs/actions-runner'
[2024-12-28 18:09:12Z INFO Listener] Validating directory permissions for: '/home/cljacbs2/Documents/ECEA 5305/assignment-1-cdyjcbs/actions-runner'
[2024-12-28 18:09:12Z INFO CommandLineParser] Parse
[2024-12-28 18:09:12Z INFO CommandLineParser] Parsing 1 args
[2024-12-28 18:09:12Z INFO CommandLineParser] parsing argument
[2024-12-28 18:09:12Z INFO CommandLineParser] HasArgs: False
[2024-12-28 18:09:12Z INFO CommandLineParser] Adding Command: run
[2024-12-28 18:09:12Z INFO Listener] Arguments parsed
[2024-12-28 18:09:12Z INFO Runner] ExecuteCommand
[2024-12-28 18:09:12Z INFO ConfigurationStore] currentAssemblyLocation: /home/cljacbs2/Documents/ECEA 5305/assignment-1-cdyjcbs/actions-runner/bin/Runner.Listener.dll
[2024-12-28 18:09:12Z INFO HostContext] Well known directory 'Bin': '/home/cljacbs2/Documents/ECEA 5305/assignment-1-cdyjcbs/actions-runner/bin'
[2024-12-28 18:09:12Z INFO ConfigurationStore] binPath: /home/cljacbs2/Documents/ECEA 5305/assignment-1-cdyjcbs/actions-runner/bin
[2024-12-28 18:09:12Z INFO HostContext] Well known directory 'Bin': '/home/cljacbs2/Documents/ECEA 5305/assignment-1-cdyjcbs/actions-runner/bin'
[2024-12-28 18:09:12Z INFO HostContext] Well known directory 'Root': '/home/cljacbs2/Documents/ECEA 5305/assignment-1-cdyjcbs/actions-runner'
[2024-12-28 18:09:12Z INFO ConfigurationStore] RootFolder: /home/cljacbs2/Documents/ECEA 5305/assignment-1-cdyjcbs/actions-runner
[2024-12-28 18:09:12Z INFO HostContext] Well known directory 'Bin': '/home/cljacbs2/Documents/ECEA 5305/assignment-1-cdyjcbs/actions-runner/bin'
[2024-12-28 18:09:12Z INFO HostContext] Well known directory 'Root': '/home/cljacbs2/Documents/ECEA 5305/assignment-1-cdyjcbs/actions-runner'
[2024-12-28 18:09:12Z INFO HostContext] Well known config file 'Runner': '/home/cljacbs2/Documents/ECEA 5305/assignment-1-cdyjcbs/actions-runner/.runner'
[2024-12-28 18:09:12Z INFO ConfigurationStore] ConfigFilePath: /home/cljacbs2/Documents/ECEA 5305/assignment-1-cdyjcbs/actions-runner/.runner
[2024-12-28 18:09:12Z INFO HostContext] Well known directory 'Bin': '/home/cljacbs2/Documents/ECEA 5305/assignment-1-cdyjcbs/actions-runner/bin'
[2024-12-28 18:09:12Z INFO HostContext] Well known directory 'Root': '/home/cljacbs2/Documents/ECEA 5305/assignment-1-cdyjcbs/actions-runner'
[2024-12-28 18:09:12Z INFO HostContext] Well known config file 'Credentials': '/home/cljacbs2/Documents/ECEA 5305/assignment-1-cdyjcbs/actions-runner/.credentials'
[2024-12-28 18:09:12Z INFO ConfigurationStore] CredFilePath: /home/cljacbs2/Documents/ECEA 5305/assignment-1-cdyjcbs/actions-runner/.credentials
[2024-12-28 18:09:12Z INFO HostContext] Well known directory 'Bin': '/home/cljacbs2/Documents/ECEA 5305/assignment-1-cdyjcbs/actions-runner/bin'
[2024-12-28 18:09:12Z INFO HostContext] Well known directory 'Root': '/home/cljacbs2/Documents/ECEA 5305/assignment-1-cdyjcbs/actions-runner'
[2024-12-28 18:09:12Z INFO HostContext] Well known config file 'MigratedCredentials': '/home/cljacbs2/Documents/ECEA 5305/assignment-1-cdyjcbs/actions-runner/.credentials_migrated'
[2024-12-28 18:09:12Z INFO ConfigurationStore] MigratedCredFilePath: /home/cljacbs2/Documents/ECEA 5305/assignment-1-cdyjcbs/actions-runner/.credentials_migrated
[2024-12-28 18:09:12Z INFO HostContext] Well known directory 'Bin': '/home/cljacbs2/Documents/ECEA 5305/assignment-1-cdyjcbs/actions-runner/bin'
[2024-12-28 18:09:12Z INFO HostContext] Well known directory 'Root': '/home/cljacbs2/Documents/ECEA 5305/assignment-1-cdyjcbs/actions-runner'
[2024-12-28 18:09:12Z INFO HostContext] Well known config file 'Service': '/home/cljacbs2/Documents/ECEA 5305/assignment-1-cdyjcbs/actions-runner/.service'
[2024-12-28 18:09:12Z INFO ConfigurationStore] ServiceConfigFilePath: /home/cljacbs2/Documents/ECEA 5305/assignment-1-cdyjcbs/actions-runner/.service
[2024-12-28 18:09:12Z INFO CommandSettings] Flag 'help': 'False'
[2024-12-28 18:09:12Z INFO CommandSettings] Flag 'version': 'False'
[2024-12-28 18:09:12Z INFO CommandSettings] Flag 'commit': 'False'
[2024-12-28 18:09:12Z INFO CommandSettings] Flag 'check': 'False'
[2024-12-28 18:09:12Z INFO CommandSettings] Command 'configure': 'False'
[2024-12-28 18:09:12Z INFO CommandSettings] Command 'remove': 'False'
[2024-12-28 18:09:12Z INFO CommandSettings] Command 'warmup': 'False'
[2024-12-28 18:09:12Z INFO ConfigurationManager] LoadSettings
[2024-12-28 18:09:12Z INFO ConfigurationStore] IsConfigured()
[2024-12-28 18:09:12Z INFO ConfigurationStore] IsConfigured: True
[2024-12-28 18:09:12Z INFO ConfigurationManager] Is configured: True
[2024-12-28 18:09:12Z INFO ConfigurationStore] Read setting file: 306 chars
[2024-12-28 18:09:12Z INFO ConfigurationManager] Settings Loaded
[2024-12-28 18:09:12Z INFO ConfigurationStore] IsServiceConfigured()
[2024-12-28 18:09:12Z INFO ConfigurationStore] IsServiceConfigured: False
[2024-12-28 18:09:12Z INFO CommandSettings] Command 'run': 'True'
[2024-12-28 18:09:12Z INFO ConfigurationStore] IsConfigured()
[2024-12-28 18:09:12Z INFO ConfigurationStore] IsConfigured: True
[2024-12-28 18:09:12Z INFO ConfigurationManager] Is configured: True
[2024-12-28 18:09:12Z INFO Runner] Could not parse the argument value '' for StartupType. Defaulting to Manual
[2024-12-28 18:09:12Z INFO Runner] Set runner startup type - Manual
[2024-12-28 18:09:12Z INFO CommandSettings] Flag 'once': 'False'
[2024-12-28 18:09:12Z INFO CommandSettings] Flag 'once': 'False'
[2024-12-28 18:09:12Z INFO Runner] RunAsync
[2024-12-28 18:09:12Z INFO ConfigurationManager] LoadSettings
[2024-12-28 18:09:12Z INFO ConfigurationStore] IsConfigured()
[2024-12-28 18:09:12Z INFO ConfigurationStore] IsConfigured: True
[2024-12-28 18:09:12Z INFO ConfigurationManager] Is configured: True
[2024-12-28 18:09:12Z INFO ConfigurationManager] Settings Loaded
[2024-12-28 18:09:12Z INFO MessageListener] {
  "AgentId": 21,
  "AgentName": "Ubuntu",
  "PoolId": 1,
  "PoolName": "Default",
  "ServerUrl": "https://pipelinesghubeus4.actions.githubusercontent.com/wjTrNgufNqyb5OuyEvu9bCpRbmBUezurSrBJVZgZTLsLNvo0DA/",
  "GitHubUrl": "https://github.com/cu-ecen-aeld/assignment-1-cdyjcbs",
  "WorkFolder": "_work"
}
[2024-12-28 18:09:12Z INFO MessageListener] Loading Credentials
[2024-12-28 18:09:12Z INFO ConfigurationStore] HasCredentials()
[2024-12-28 18:09:12Z INFO ConfigurationStore] stored True
[2024-12-28 18:09:12Z INFO CredentialManager] GetCredentialProvider
[2024-12-28 18:09:12Z INFO CredentialManager] Creating type OAuth
[2024-12-28 18:09:12Z INFO CredentialManager] Creating credential type: OAuth
[2024-12-28 18:09:12Z INFO HostContext] Well known directory 'Bin': '/home/cljacbs2/Documents/ECEA 5305/assignment-1-cdyjcbs/actions-runner/bin'
[2024-12-28 18:09:12Z INFO HostContext] Well known directory 'Root': '/home/cljacbs2/Documents/ECEA 5305/assignment-1-cdyjcbs/actions-runner'
[2024-12-28 18:09:12Z INFO HostContext] Well known config file 'RSACredentials': '/home/cljacbs2/Documents/ECEA 5305/assignment-1-cdyjcbs/actions-runner/.credentials_rsaparams'
[2024-12-28 18:09:12Z INFO RSAFileKeyManager] Loading RSA key parameters from file /home/cljacbs2/Documents/ECEA 5305/assignment-1-cdyjcbs/actions-runner/.credentials_rsaparams
[2024-12-28 18:09:12Z INFO MessageListener] Attempt to create session.
[2024-12-28 18:09:12Z INFO MessageListener] Connecting to the Runner Server...
[2024-12-28 18:09:12Z INFO RunnerServer] EstablishVssConnection
[2024-12-28 18:09:12Z INFO RunnerServer] Establish connection with 100 seconds timeout.
[2024-12-28 18:09:12Z INFO GitHubActionsService] Starting operation Location.GetConnectionData
[2024-12-28 18:09:13Z INFO RunnerServer] EstablishVssConnection
[2024-12-28 18:09:13Z INFO RunnerServer] Establish connection with 60 seconds timeout.
[2024-12-28 18:09:13Z INFO GitHubActionsService] Starting operation Location.GetConnectionData
[2024-12-28 18:09:13Z INFO RunnerServer] EstablishVssConnection
[2024-12-28 18:09:13Z INFO RunnerServer] Establish connection with 60 seconds timeout.
[2024-12-28 18:09:13Z INFO GitHubActionsService] Starting operation Location.GetConnectionData
[2024-12-28 18:09:13Z INFO GitHubActionsService] Finished operation Location.GetConnectionData
[2024-12-28 18:09:13Z INFO GitHubActionsService] Finished operation Location.GetConnectionData
[2024-12-28 18:09:13Z INFO GitHubActionsService] Finished operation Location.GetConnectionData
[2024-12-28 18:09:13Z INFO MessageListener] VssConnection created
[2024-12-28 18:09:13Z INFO Terminal] WRITE LINE: 
[2024-12-28 18:09:13Z INFO Terminal] WRITE LINE: 
[2024-12-28 18:09:13Z INFO RSAFileKeyManager] Loading RSA key parameters from file /home/cljacbs2/Documents/ECEA 5305/assignment-1-cdyjcbs/actions-runner/.credentials_rsaparams
[2024-12-28 18:09:13Z INFO RSAFileKeyManager] Loading RSA key parameters from file /home/cljacbs2/Documents/ECEA 5305/assignment-1-cdyjcbs/actions-runner/.credentials_rsaparams
[2024-12-28 18:09:14Z INFO GitHubActionsService] AAD Correlation ID for this token request: Unknown
[2024-12-28 18:09:14Z INFO MessageListener] Session created.
[2024-12-28 18:09:14Z INFO Terminal] WRITE LINE: Current runner version: '2.321.0'
[2024-12-28 18:09:14Z INFO Terminal] WRITE LINE: 2024-12-28 18:09:14Z: Listening for Jobs
[2024-12-28 18:09:14Z INFO JobDispatcher] Set runner/worker IPC timeout to 30 seconds.
[2024-12-28 18:09:14Z INFO RSAFileKeyManager] Loading RSA key parameters from file /home/cljacbs2/Documents/ECEA 5305/assignment-1-cdyjcbs/actions-runner/.credentials_rsaparams
[2024-12-28 18:09:14Z INFO GitHubActionsService] AAD Correlation ID for this token request: Unknown
[2024-12-28 18:09:16Z INFO MessageListener] Message '2893151729659882092' received from session 'e8b1f3a0-2c5a-4c49-87a7-6fe0c583a408'.
[2024-12-28 18:09:16Z INFO ConfigurationStore] HasCredentials()
[2024-12-28 18:09:16Z INFO ConfigurationStore] stored True
[2024-12-28 18:09:16Z INFO CredentialManager] GetCredentialProvider
[2024-12-28 18:09:16Z INFO CredentialManager] Creating type OAuth
[2024-12-28 18:09:16Z INFO CredentialManager] Creating credential type: OAuth
[2024-12-28 18:09:16Z INFO RSAFileKeyManager] Loading RSA key parameters from file /home/cljacbs2/Documents/ECEA 5305/assignment-1-cdyjcbs/actions-runner/.credentials_rsaparams
[2024-12-28 18:09:16Z INFO ActionsRunServer] EstablishVssConnection
[2024-12-28 18:09:16Z INFO ActionsRunServer] Establish connection with 100 seconds timeout.
[2024-12-28 18:09:16Z INFO GitHubActionsService] Starting operation Location.GetConnectionData
[2024-12-28 18:09:16Z INFO GitHubActionsService] Finished operation Location.GetConnectionData
[2024-12-28 18:09:16Z INFO RSAFileKeyManager] Loading RSA key parameters from file /home/cljacbs2/Documents/ECEA 5305/assignment-1-cdyjcbs/actions-runner/.credentials_rsaparams
[2024-12-28 18:09:16Z INFO RSAFileKeyManager] Loading RSA key parameters from file /home/cljacbs2/Documents/ECEA 5305/assignment-1-cdyjcbs/actions-runner/.credentials_rsaparams
[2024-12-28 18:09:16Z INFO GitHubActionsService] AAD Correlation ID for this token request: Unknown
[2024-12-28 18:09:17Z INFO JobDispatcher] Job request 1 for plan 1f086bcc-3453-4c8c-af2a-b07444446dcd job 0e10f8dd-85b5-5bee-19c6-47fc7db6f171 received.
[2024-12-28 18:09:17Z INFO JobDispatcher] Pull OrchestrationId 1f086bcc-3453-4c8c-af2a-b07444446dcd.unit-test.__default from JWT claims
[2024-12-28 18:09:17Z INFO MessageListener] Received job status event. JobState: Busy
[2024-12-28 18:09:17Z INFO MessageListener] _getMessagesTokenSource is already disposed.
[2024-12-28 18:09:17Z INFO Terminal] WRITE LINE: 2024-12-28 18:09:17Z: Running job: unit-test
[2024-12-28 18:09:17Z INFO JobDispatcher] Start renew job request 1 for job 0e10f8dd-85b5-5bee-19c6-47fc7db6f171.
[2024-12-28 18:09:17Z INFO JobDispatcher] Successfully renew job request 1, job is valid till 12/28/2024 6:19:17 PM
[2024-12-28 18:09:17Z INFO HostContext] Well known directory 'Bin': '/home/cljacbs2/Documents/ECEA 5305/assignment-1-cdyjcbs/actions-runner/bin'
[2024-12-28 18:09:17Z INFO ProcessInvokerWrapper] Starting process:
[2024-12-28 18:09:17Z INFO ProcessInvokerWrapper]   File name: '/home/cljacbs2/Documents/ECEA 5305/assignment-1-cdyjcbs/actions-runner/bin/Runner.Worker'
[2024-12-28 18:09:17Z INFO ProcessInvokerWrapper]   Arguments: 'spawnclient 148 151'
[2024-12-28 18:09:17Z INFO ProcessInvokerWrapper]   Working directory: '/home/cljacbs2/Documents/ECEA 5305/assignment-1-cdyjcbs/actions-runner/bin'
[2024-12-28 18:09:17Z INFO ProcessInvokerWrapper]   Require exit code zero: 'False'
[2024-12-28 18:09:17Z INFO ProcessInvokerWrapper]   Encoding web name:  ; code page: ''
[2024-12-28 18:09:17Z INFO ProcessInvokerWrapper]   Force kill process on cancellation: 'True'
[2024-12-28 18:09:17Z INFO ProcessInvokerWrapper]   Redirected STDIN: 'False'
[2024-12-28 18:09:17Z INFO ProcessInvokerWrapper]   Persist current code page: 'False'
[2024-12-28 18:09:17Z INFO ProcessInvokerWrapper]   Keep redirected STDIN open: 'False'
[2024-12-28 18:09:17Z INFO ProcessInvokerWrapper]   High priority process: 'True'
[2024-12-28 18:09:17Z INFO ProcessInvokerWrapper] Process started with process id 4431, waiting for process exit.
[2024-12-28 18:09:17Z INFO JobDispatcher] Send job request message to worker for job 0e10f8dd-85b5-5bee-19c6-47fc7db6f171.
[2024-12-28 18:09:17Z INFO ProcessChannel] Sending message of length 27505, with hash '7a2bfd7be05abf865e3e3188d0e4bb6522a76ef5b2b836ad1bcf20dcd1e91c21'
[2024-12-28 18:09:17Z INFO JobNotification] Entering JobStarted Notification
[2024-12-28 18:09:17Z INFO JobNotification] Entering StartMonitor
[2024-12-28 18:09:22Z INFO ProcessInvokerWrapper] STDOUT/STDERR stream read finished.
[2024-12-28 18:09:22Z INFO ProcessInvokerWrapper] STDOUT/STDERR stream read finished.
[2024-12-28 18:09:22Z INFO ProcessInvokerWrapper] Finished process 4431 with exit code 102, and elapsed time 00:00:05.2776568.
[2024-12-28 18:09:22Z INFO JobDispatcher] Worker finished for job 0e10f8dd-85b5-5bee-19c6-47fc7db6f171. Code: 102
[2024-12-28 18:09:22Z INFO JobDispatcher] finish job request for job 0e10f8dd-85b5-5bee-19c6-47fc7db6f171 with result: Failed
[2024-12-28 18:09:22Z INFO Terminal] WRITE LINE: 2024-12-28 18:09:22Z: Job unit-test completed with result: Failed
[2024-12-28 18:09:22Z INFO JobDispatcher] Stop renew job request for job 0e10f8dd-85b5-5bee-19c6-47fc7db6f171.
[2024-12-28 18:09:22Z INFO JobDispatcher] job renew has been cancelled, stop renew job request 1.
[2024-12-28 18:09:22Z INFO JobNotification] Entering JobCompleted Notification
[2024-12-28 18:09:22Z INFO JobNotification] Entering EndMonitor
[2024-12-28 18:09:22Z INFO MessageListener] Received job status event. JobState: Online
[2024-12-28 18:09:23Z INFO MessageListener] Message '437392407112357853' received from session 'e8b1f3a0-2c5a-4c49-87a7-6fe0c583a408'.
[2024-12-28 18:09:23Z INFO ConfigurationStore] HasCredentials()
[2024-12-28 18:09:23Z INFO ConfigurationStore] stored True
[2024-12-28 18:09:23Z INFO CredentialManager] GetCredentialProvider
[2024-12-28 18:09:23Z INFO CredentialManager] Creating type OAuth
[2024-12-28 18:09:23Z INFO CredentialManager] Creating credential type: OAuth
[2024-12-28 18:09:23Z INFO RSAFileKeyManager] Loading RSA key parameters from file /home/cljacbs2/Documents/ECEA 5305/assignment-1-cdyjcbs/actions-runner/.credentials_rsaparams
[2024-12-28 18:09:23Z INFO ActionsRunServer] EstablishVssConnection
[2024-12-28 18:09:23Z INFO ActionsRunServer] Establish connection with 100 seconds timeout.
[2024-12-28 18:09:23Z INFO GitHubActionsService] Starting operation Location.GetConnectionData
[2024-12-28 18:09:23Z INFO GitHubActionsService] Finished operation Location.GetConnectionData
[2024-12-28 18:09:23Z INFO RSAFileKeyManager] Loading RSA key parameters from file /home/cljacbs2/Documents/ECEA 5305/assignment-1-cdyjcbs/actions-runner/.credentials_rsaparams
[2024-12-28 18:09:23Z INFO RSAFileKeyManager] Loading RSA key parameters from file /home/cljacbs2/Documents/ECEA 5305/assignment-1-cdyjcbs/actions-runner/.credentials_rsaparams
[2024-12-28 18:09:23Z INFO GitHubActionsService] AAD Correlation ID for this token request: Unknown
[2024-12-28 18:09:23Z INFO JobDispatcher] Job request 2 for plan 1f086bcc-3453-4c8c-af2a-b07444446dcd job a047640a-23da-5e9b-1ef8-917a09b3753a received.
[2024-12-28 18:09:23Z INFO JobDispatcher] Pull OrchestrationId 1f086bcc-3453-4c8c-af2a-b07444446dcd.full-test.__default from JWT claims
[2024-12-28 18:09:23Z INFO MessageListener] Received job status event. JobState: Busy
[2024-12-28 18:09:23Z INFO MessageListener] _getMessagesTokenSource is already disposed.
[2024-12-28 18:09:23Z INFO JobDispatcher] Job request 0e10f8dd-85b5-5bee-19c6-47fc7db6f171 processed succeed.
[2024-12-28 18:09:23Z INFO Terminal] WRITE LINE: 2024-12-28 18:09:23Z: Running job: full-test
[2024-12-28 18:09:23Z INFO JobDispatcher] Start renew job request 2 for job a047640a-23da-5e9b-1ef8-917a09b3753a.
[2024-12-28 18:09:23Z INFO JobDispatcher] Successfully renew job request 2, job is valid till 12/28/2024 6:19:23 PM
[2024-12-28 18:09:23Z INFO HostContext] Well known directory 'Bin': '/home/cljacbs2/Documents/ECEA 5305/assignment-1-cdyjcbs/actions-runner/bin'
[2024-12-28 18:09:23Z INFO ProcessInvokerWrapper] Starting process:
[2024-12-28 18:09:23Z INFO ProcessInvokerWrapper]   File name: '/home/cljacbs2/Documents/ECEA 5305/assignment-1-cdyjcbs/actions-runner/bin/Runner.Worker'
[2024-12-28 18:09:23Z INFO ProcessInvokerWrapper]   Arguments: 'spawnclient 151 155'
[2024-12-28 18:09:23Z INFO ProcessInvokerWrapper]   Working directory: '/home/cljacbs2/Documents/ECEA 5305/assignment-1-cdyjcbs/actions-runner/bin'
[2024-12-28 18:09:23Z INFO ProcessInvokerWrapper]   Require exit code zero: 'False'
[2024-12-28 18:09:23Z INFO ProcessInvokerWrapper]   Encoding web name:  ; code page: ''
[2024-12-28 18:09:23Z INFO ProcessInvokerWrapper]   Force kill process on cancellation: 'True'
[2024-12-28 18:09:23Z INFO ProcessInvokerWrapper]   Redirected STDIN: 'False'
[2024-12-28 18:09:23Z INFO ProcessInvokerWrapper]   Persist current code page: 'False'
[2024-12-28 18:09:23Z INFO ProcessInvokerWrapper]   Keep redirected STDIN open: 'False'
[2024-12-28 18:09:23Z INFO ProcessInvokerWrapper]   High priority process: 'True'
[2024-12-28 18:09:23Z INFO ProcessInvokerWrapper] Process started with process id 4462, waiting for process exit.
[2024-12-28 18:09:23Z INFO JobDispatcher] Send job request message to worker for job a047640a-23da-5e9b-1ef8-917a09b3753a.
[2024-12-28 18:09:23Z INFO ProcessChannel] Sending message of length 27507, with hash '33563adb8cc949ee3b0d00da7603b919eaca0b17d6790ac42e5a778f722a674f'
[2024-12-28 18:09:23Z INFO JobNotification] Entering JobStarted Notification
[2024-12-28 18:09:23Z INFO JobNotification] Entering StartMonitor
[2024-12-28 18:09:28Z INFO ProcessInvokerWrapper] STDOUT/STDERR stream read finished.
[2024-12-28 18:09:28Z INFO ProcessInvokerWrapper] STDOUT/STDERR stream read finished.
[2024-12-28 18:09:28Z INFO ProcessInvokerWrapper] Finished process 4462 with exit code 102, and elapsed time 00:00:05.0483850.
[2024-12-28 18:09:28Z INFO JobDispatcher] Worker finished for job a047640a-23da-5e9b-1ef8-917a09b3753a. Code: 102
[2024-12-28 18:09:28Z INFO JobDispatcher] finish job request for job a047640a-23da-5e9b-1ef8-917a09b3753a with result: Failed
[2024-12-28 18:09:28Z INFO Terminal] WRITE LINE: 2024-12-28 18:09:28Z: Job full-test completed with result: Failed
[2024-12-28 18:09:28Z INFO JobDispatcher] Stop renew job request for job a047640a-23da-5e9b-1ef8-917a09b3753a.
[2024-12-28 18:09:28Z INFO JobDispatcher] job renew has been cancelled, stop renew job request 2.
[2024-12-28 18:09:28Z INFO JobNotification] Entering JobCompleted Notification
[2024-12-28 18:09:28Z INFO JobNotification] Entering EndMonitor
[2024-12-28 18:09:28Z INFO MessageListener] Received job status event. JobState: Online
[2024-12-28 18:12:53Z INFO Terminal] WRITE LINE: Exiting...
[2024-12-28 18:12:53Z INFO ConfigurationStore] IsServiceConfigured()
[2024-12-28 18:12:53Z INFO ConfigurationStore] IsServiceConfigured: False
[2024-12-28 18:12:53Z INFO HostContext] Runner will be shutdown for UserCancelled
[2024-12-28 18:12:53Z WARN GitHubActionsService] GET request to https://broker.actions.githubusercontent.com/message?sessionId=e8b1f3a0-2c5a-4c49-87a7-6fe0c583a408&status=Online&runnerVersion=2.321.0&os=Linux&architecture=X64&disableUpdate=false has been cancelled.
[2024-12-28 18:12:53Z ERR  BrokerServer] Catch exception during request
[2024-12-28 18:12:53Z ERR  BrokerServer] System.Threading.Tasks.TaskCanceledException: The operation was canceled.
 ---> System.Threading.Tasks.TaskCanceledException: The operation was canceled.
 ---> System.IO.IOException: Unable to read data from the transport connection: Operation canceled.
 ---> System.Net.Sockets.SocketException (125): Operation canceled
   --- End of inner exception stack trace ---
   at System.Net.Sockets.Socket.AwaitableSocketAsyncEventArgs.ThrowException(SocketError error, CancellationToken cancellationToken)
   at System.Net.Sockets.Socket.AwaitableSocketAsyncEventArgs.System.Threading.Tasks.Sources.IValueTaskSource<System.Int32>.GetResult(Int16 token)
   at System.Net.Security.SslStream.EnsureFullTlsFrameAsync[TIOAdapter](CancellationToken cancellationToken, Int32 estimatedSize)
   at System.Runtime.CompilerServices.PoolingAsyncValueTaskMethodBuilder`1.StateMachineBox`1.System.Threading.Tasks.Sources.IValueTaskSource<TResult>.GetResult(Int16 token)
   at System.Net.Security.SslStream.ReadAsyncInternal[TIOAdapter](Memory`1 buffer, CancellationToken cancellationToken)
   at System.Runtime.CompilerServices.PoolingAsyncValueTaskMethodBuilder`1.StateMachineBox`1.System.Threading.Tasks.Sources.IValueTaskSource<TResult>.GetResult(Int16 token)
   at System.Net.Http.HttpConnection.SendAsync(HttpRequestMessage request, Boolean async, CancellationToken cancellationToken)
   --- End of inner exception stack trace ---
   at System.Net.Http.HttpConnection.SendAsync(HttpRequestMessage request, Boolean async, CancellationToken cancellationToken)
   at System.Net.Http.AuthenticationHelper.SendWithNtAuthAsync(HttpRequestMessage request, Uri authUri, Boolean async, ICredentials credentials, Boolean isProxyAuth, HttpConnection connection, HttpConnectionPool connectionPool, CancellationToken cancellationToken)
   at System.Net.Http.HttpConnectionPool.SendWithVersionDetectionAndRetryAsync(HttpRequestMessage request, Boolean async, Boolean doRequestAuth, CancellationToken cancellationToken)
   at System.Net.Http.AuthenticationHelper.SendWithAuthAsync(HttpRequestMessage request, Uri authUri, Boolean async, ICredentials credentials, Boolean preAuthenticate, Boolean isProxyAuth, Boolean doRequestAuth, HttpConnectionPool pool, CancellationToken cancellationToken)
   at System.Net.Http.RedirectHandler.SendAsync(HttpRequestMessage request, Boolean async, CancellationToken cancellationToken)
   at GitHub.Services.Common.RawHttpMessageHandler.SendAsync(HttpRequestMessage request, CancellationToken cancellationToken)
   at GitHub.Services.Common.VssHttpRetryMessageHandler.SendAsync(HttpRequestMessage request, CancellationToken cancellationToken)
   at System.Net.Http.HttpClient.<SendAsync>g__Core|83_0(HttpRequestMessage request, HttpCompletionOption completionOption, CancellationTokenSource cts, Boolean disposeCts, CancellationTokenSource pendingRequestsCts, CancellationToken originalCancellationToken)
   --- End of inner exception stack trace ---
   at System.Net.Http.HttpClient.HandleFailure(Exception e, Boolean telemetryStarted, HttpResponseMessage response, CancellationTokenSource cts, CancellationToken cancellationToken, CancellationTokenSource pendingRequestsCts)
   at System.Net.Http.HttpClient.<SendAsync>g__Core|83_0(HttpRequestMessage request, HttpCompletionOption completionOption, CancellationTokenSource cts, Boolean disposeCts, CancellationTokenSource pendingRequestsCts, CancellationToken originalCancellationToken)
   at Sdk.WebApi.WebApi.RawHttpClientBase.SendAsync(HttpRequestMessage message, HttpCompletionOption completionOption, Object userState, CancellationToken cancellationToken)
   at Sdk.WebApi.WebApi.RawHttpClientBase.SendAsync[T](HttpRequestMessage message, Boolean readErrorBody, Object userState, CancellationToken cancellationToken)
   at Sdk.WebApi.WebApi.RawHttpClientBase.SendAsync[T](HttpMethod method, IEnumerable`1 additionalHeaders, Uri requestUri, HttpContent content, IEnumerable`1 queryParameters, Boolean readErrorBody, Object userState, CancellationToken cancellationToken)
   at GitHub.Actions.RunService.WebApi.BrokerHttpClient.GetRunnerMessageAsync(Nullable`1 sessionId, String runnerVersion, Nullable`1 status, String os, String architecture, Nullable`1 disableUpdate, CancellationToken cancellationToken)
   at GitHub.Runner.Common.BrokerServer.<>c__DisplayClass7_0.<<GetRunnerMessageAsync>b__0>d.MoveNext()
--- End of stack trace from previous location ---
   at GitHub.Runner.Common.RunnerService.RetryRequest[T](Func`1 func, CancellationToken cancellationToken, Int32 maxRetryAttemptsCount, Func`2 shouldRetry)
[2024-12-28 18:12:53Z ERR  BrokerServer] #####################################################
[2024-12-28 18:12:53Z ERR  BrokerServer] System.Threading.Tasks.TaskCanceledException: The operation was canceled.
 ---> System.IO.IOException: Unable to read data from the transport connection: Operation canceled.
 ---> System.Net.Sockets.SocketException (125): Operation canceled
   --- End of inner exception stack trace ---
   at System.Net.Sockets.Socket.AwaitableSocketAsyncEventArgs.ThrowException(SocketError error, CancellationToken cancellationToken)
   at System.Net.Sockets.Socket.AwaitableSocketAsyncEventArgs.System.Threading.Tasks.Sources.IValueTaskSource<System.Int32>.GetResult(Int16 token)
   at System.Net.Security.SslStream.EnsureFullTlsFrameAsync[TIOAdapter](CancellationToken cancellationToken, Int32 estimatedSize)
   at System.Runtime.CompilerServices.PoolingAsyncValueTaskMethodBuilder`1.StateMachineBox`1.System.Threading.Tasks.Sources.IValueTaskSource<TResult>.GetResult(Int16 token)
   at System.Net.Security.SslStream.ReadAsyncInternal[TIOAdapter](Memory`1 buffer, CancellationToken cancellationToken)
   at System.Runtime.CompilerServices.PoolingAsyncValueTaskMethodBuilder`1.StateMachineBox`1.System.Threading.Tasks.Sources.IValueTaskSource<TResult>.GetResult(Int16 token)
   at System.Net.Http.HttpConnection.SendAsync(HttpRequestMessage request, Boolean async, CancellationToken cancellationToken)
   --- End of inner exception stack trace ---
   at System.Net.Http.HttpConnection.SendAsync(HttpRequestMessage request, Boolean async, CancellationToken cancellationToken)
   at System.Net.Http.AuthenticationHelper.SendWithNtAuthAsync(HttpRequestMessage request, Uri authUri, Boolean async, ICredentials credentials, Boolean isProxyAuth, HttpConnection connection, HttpConnectionPool connectionPool, CancellationToken cancellationToken)
   at System.Net.Http.HttpConnectionPool.SendWithVersionDetectionAndRetryAsync(HttpRequestMessage request, Boolean async, Boolean doRequestAuth, CancellationToken cancellationToken)
   at System.Net.Http.AuthenticationHelper.SendWithAuthAsync(HttpRequestMessage request, Uri authUri, Boolean async, ICredentials credentials, Boolean preAuthenticate, Boolean isProxyAuth, Boolean doRequestAuth, HttpConnectionPool pool, CancellationToken cancellationToken)
   at System.Net.Http.RedirectHandler.SendAsync(HttpRequestMessage request, Boolean async, CancellationToken cancellationToken)
   at GitHub.Services.Common.RawHttpMessageHandler.SendAsync(HttpRequestMessage request, CancellationToken cancellationToken)
   at GitHub.Services.Common.VssHttpRetryMessageHandler.SendAsync(HttpRequestMessage request, CancellationToken cancellationToken)
   at System.Net.Http.HttpClient.<SendAsync>g__Core|83_0(HttpRequestMessage request, HttpCompletionOption completionOption, CancellationTokenSource cts, Boolean disposeCts, CancellationTokenSource pendingRequestsCts, CancellationToken originalCancellationToken)
[2024-12-28 18:12:53Z ERR  BrokerServer] #####################################################
[2024-12-28 18:12:53Z ERR  BrokerServer] System.IO.IOException: Unable to read data from the transport connection: Operation canceled.
 ---> System.Net.Sockets.SocketException (125): Operation canceled
   --- End of inner exception stack trace ---
   at System.Net.Sockets.Socket.AwaitableSocketAsyncEventArgs.ThrowException(SocketError error, CancellationToken cancellationToken)
   at System.Net.Sockets.Socket.AwaitableSocketAsyncEventArgs.System.Threading.Tasks.Sources.IValueTaskSource<System.Int32>.GetResult(Int16 token)
   at System.Net.Security.SslStream.EnsureFullTlsFrameAsync[TIOAdapter](CancellationToken cancellationToken, Int32 estimatedSize)
   at System.Runtime.CompilerServices.PoolingAsyncValueTaskMethodBuilder`1.StateMachineBox`1.System.Threading.Tasks.Sources.IValueTaskSource<TResult>.GetResult(Int16 token)
   at System.Net.Security.SslStream.ReadAsyncInternal[TIOAdapter](Memory`1 buffer, CancellationToken cancellationToken)
   at System.Runtime.CompilerServices.PoolingAsyncValueTaskMethodBuilder`1.StateMachineBox`1.System.Threading.Tasks.Sources.IValueTaskSource<TResult>.GetResult(Int16 token)
   at System.Net.Http.HttpConnection.SendAsync(HttpRequestMessage request, Boolean async, CancellationToken cancellationToken)
[2024-12-28 18:12:53Z ERR  BrokerServer] #####################################################
[2024-12-28 18:12:53Z ERR  BrokerServer] System.Net.Sockets.SocketException (125): Operation canceled
[2024-12-28 18:12:53Z WARN BrokerServer] Back off 9.736 seconds before next retry. 4 attempt left.
[2024-12-28 18:12:53Z INFO MessageListener] Get next message has been cancelled.
[2024-12-28 18:12:53Z INFO JobDispatcher] Shutting down JobDispatcher. Make sure all WorkerDispatcher has finished.
[2024-12-28 18:12:53Z INFO JobDispatcher] Ensure WorkerDispatcher for job a047640a-23da-5e9b-1ef8-917a09b3753a run to finish, cancel any running job.
[2024-12-28 18:12:53Z INFO JobDispatcher] Job request a047640a-23da-5e9b-1ef8-917a09b3753a processed succeed.
[2024-12-28 18:12:53Z INFO Runner] Deleting Runner Session...
[2024-12-28 18:12:53Z INFO Listener] Runner execution been cancelled.
