[2024-12-28 18:08:12Z INFO HostContext] No proxy settings were found based on environmental variables (http_proxy/https_proxy/HTTP_PROXY/HTTPS_PROXY)
[2024-12-28 18:08:12Z INFO HostContext] Well known directory 'Bin': '/home/cljacbs2/Documents/ECEA 5305/assignment-1-cdyjcbs/actions-runner/bin'
[2024-12-28 18:08:12Z INFO HostContext] Well known directory 'Root': '/home/cljacbs2/Documents/ECEA 5305/assignment-1-cdyjcbs/actions-runner'
[2024-12-28 18:08:12Z INFO HostContext] Well known config file 'Credentials': '/home/cljacbs2/Documents/ECEA 5305/assignment-1-cdyjcbs/actions-runner/.credentials'
[2024-12-28 18:08:12Z INFO HostContext] Well known directory 'Bin': '/home/cljacbs2/Documents/ECEA 5305/assignment-1-cdyjcbs/actions-runner/bin'
[2024-12-28 18:08:12Z INFO HostContext] Well known directory 'Root': '/home/cljacbs2/Documents/ECEA 5305/assignment-1-cdyjcbs/actions-runner'
[2024-12-28 18:08:12Z INFO HostContext] Well known config file 'Runner': '/home/cljacbs2/Documents/ECEA 5305/assignment-1-cdyjcbs/actions-runner/.runner'
[2024-12-28 18:08:12Z INFO Listener] Runner is built for Linux (X64) - linux-x64.
[2024-12-28 18:08:12Z INFO Listener] RuntimeInformation: Ubuntu 22.04.5 LTS.
[2024-12-28 18:08:12Z INFO Listener] Version: 2.321.0
[2024-12-28 18:08:12Z INFO Listener] Commit: e249007931b7c8e857797fa259c167f0bd4f997a
[2024-12-28 18:08:12Z INFO Listener] Culture: en-US
[2024-12-28 18:08:12Z INFO Listener] UI Culture: en-US
[2024-12-28 18:08:12Z INFO HostContext] Well known directory 'Bin': '/home/cljacbs2/Documents/ECEA 5305/assignment-1-cdyjcbs/actions-runner/bin'
[2024-12-28 18:08:12Z INFO HostContext] Well known directory 'Root': '/home/cljacbs2/Documents/ECEA 5305/assignment-1-cdyjcbs/actions-runner'
[2024-12-28 18:08:12Z INFO Listener] Validating directory permissions for: '/home/cljacbs2/Documents/ECEA 5305/assignment-1-cdyjcbs/actions-runner'
[2024-12-28 18:08:12Z INFO CommandLineParser] Parse
[2024-12-28 18:08:12Z INFO CommandLineParser] Parsing 5 args
[2024-12-28 18:08:12Z INFO CommandLineParser] parsing argument
[2024-12-28 18:08:12Z INFO CommandLineParser] HasArgs: False
[2024-12-28 18:08:12Z INFO CommandLineParser] Adding Command: configure
[2024-12-28 18:08:12Z INFO CommandLineParser] parsing argument
[2024-12-28 18:08:12Z INFO CommandLineParser] HasArgs: True
[2024-12-28 18:08:12Z INFO CommandLineParser] arg: url
[2024-12-28 18:08:12Z INFO CommandLineParser] parsing argument
[2024-12-28 18:08:12Z INFO CommandLineParser] HasArgs: True
[2024-12-28 18:08:12Z INFO CommandLineParser] Adding option 'url': 'https://github.com/cu-ecen-aeld/assignment-1-cdyjcbs'
[2024-12-28 18:08:12Z INFO CommandLineParser] parsing argument
[2024-12-28 18:08:12Z INFO CommandLineParser] HasArgs: True
[2024-12-28 18:08:12Z INFO CommandLineParser] arg: token
[2024-12-28 18:08:12Z INFO CommandLineParser] parsing argument
[2024-12-28 18:08:12Z INFO CommandLineParser] HasArgs: True
[2024-12-28 18:08:12Z INFO CommandLineParser] Adding option 'token': '***'
[2024-12-28 18:08:12Z INFO Listener] Arguments parsed
[2024-12-28 18:08:12Z INFO Runner] ExecuteCommand
[2024-12-28 18:08:12Z INFO ConfigurationStore] currentAssemblyLocation: /home/cljacbs2/Documents/ECEA 5305/assignment-1-cdyjcbs/actions-runner/bin/Runner.Listener.dll
[2024-12-28 18:08:12Z INFO HostContext] Well known directory 'Bin': '/home/cljacbs2/Documents/ECEA 5305/assignment-1-cdyjcbs/actions-runner/bin'
[2024-12-28 18:08:12Z INFO ConfigurationStore] binPath: /home/cljacbs2/Documents/ECEA 5305/assignment-1-cdyjcbs/actions-runner/bin
[2024-12-28 18:08:12Z INFO HostContext] Well known directory 'Bin': '/home/cljacbs2/Documents/ECEA 5305/assignment-1-cdyjcbs/actions-runner/bin'
[2024-12-28 18:08:12Z INFO HostContext] Well known directory 'Root': '/home/cljacbs2/Documents/ECEA 5305/assignment-1-cdyjcbs/actions-runner'
[2024-12-28 18:08:12Z INFO ConfigurationStore] RootFolder: /home/cljacbs2/Documents/ECEA 5305/assignment-1-cdyjcbs/actions-runner
[2024-12-28 18:08:12Z INFO HostContext] Well known directory 'Bin': '/home/cljacbs2/Documents/ECEA 5305/assignment-1-cdyjcbs/actions-runner/bin'
[2024-12-28 18:08:12Z INFO HostContext] Well known directory 'Root': '/home/cljacbs2/Documents/ECEA 5305/assignment-1-cdyjcbs/actions-runner'
[2024-12-28 18:08:12Z INFO HostContext] Well known config file 'Runner': '/home/cljacbs2/Documents/ECEA 5305/assignment-1-cdyjcbs/actions-runner/.runner'
[2024-12-28 18:08:12Z INFO ConfigurationStore] ConfigFilePath: /home/cljacbs2/Documents/ECEA 5305/assignment-1-cdyjcbs/actions-runner/.runner
[2024-12-28 18:08:12Z INFO HostContext] Well known directory 'Bin': '/home/cljacbs2/Documents/ECEA 5305/assignment-1-cdyjcbs/actions-runner/bin'
[2024-12-28 18:08:12Z INFO HostContext] Well known directory 'Root': '/home/cljacbs2/Documents/ECEA 5305/assignment-1-cdyjcbs/actions-runner'
[2024-12-28 18:08:12Z INFO HostContext] Well known config file 'Credentials': '/home/cljacbs2/Documents/ECEA 5305/assignment-1-cdyjcbs/actions-runner/.credentials'
[2024-12-28 18:08:12Z INFO ConfigurationStore] CredFilePath: /home/cljacbs2/Documents/ECEA 5305/assignment-1-cdyjcbs/actions-runner/.credentials
[2024-12-28 18:08:12Z INFO HostContext] Well known directory 'Bin': '/home/cljacbs2/Documents/ECEA 5305/assignment-1-cdyjcbs/actions-runner/bin'
[2024-12-28 18:08:12Z INFO HostContext] Well known directory 'Root': '/home/cljacbs2/Documents/ECEA 5305/assignment-1-cdyjcbs/actions-runner'
[2024-12-28 18:08:12Z INFO HostContext] Well known config file 'MigratedCredentials': '/home/cljacbs2/Documents/ECEA 5305/assignment-1-cdyjcbs/actions-runner/.credentials_migrated'
[2024-12-28 18:08:12Z INFO ConfigurationStore] MigratedCredFilePath: /home/cljacbs2/Documents/ECEA 5305/assignment-1-cdyjcbs/actions-runner/.credentials_migrated
[2024-12-28 18:08:12Z INFO HostContext] Well known directory 'Bin': '/home/cljacbs2/Documents/ECEA 5305/assignment-1-cdyjcbs/actions-runner/bin'
[2024-12-28 18:08:12Z INFO HostContext] Well known directory 'Root': '/home/cljacbs2/Documents/ECEA 5305/assignment-1-cdyjcbs/actions-runner'
[2024-12-28 18:08:12Z INFO HostContext] Well known config file 'Service': '/home/cljacbs2/Documents/ECEA 5305/assignment-1-cdyjcbs/actions-runner/.service'
[2024-12-28 18:08:12Z INFO ConfigurationStore] ServiceConfigFilePath: /home/cljacbs2/Documents/ECEA 5305/assignment-1-cdyjcbs/actions-runner/.service
[2024-12-28 18:08:12Z INFO CommandSettings] Flag 'help': 'False'
[2024-12-28 18:08:12Z INFO CommandSettings] Flag 'version': 'False'
[2024-12-28 18:08:12Z INFO CommandSettings] Flag 'commit': 'False'
[2024-12-28 18:08:12Z INFO CommandSettings] Flag 'check': 'False'
[2024-12-28 18:08:12Z INFO CommandSettings] Command 'configure': 'True'
[2024-12-28 18:08:12Z INFO Terminal] WRITE LINE: 
[2024-12-28 18:08:12Z INFO Terminal] WRITE LINE: --------------------------------------------------------------------------------
[2024-12-28 18:08:12Z INFO Terminal] WRITE LINE: |        ____ _ _   _   _       _          _        _   _                      |
[2024-12-28 18:08:12Z INFO Terminal] WRITE LINE: |       / ___(_) |_| | | |_   _| |__      / \   ___| |_(_) ___  _ __  ___      |
[2024-12-28 18:08:12Z INFO Terminal] WRITE LINE: |      | |  _| | __| |_| | | | | '_ \    / _ \ / __| __| |/ _ \| '_ \/ __|     |
[2024-12-28 18:08:12Z INFO Terminal] WRITE LINE: |      | |_| | | |_|  _  | |_| | |_) |  / ___ \ (__| |_| | (_) | | | \__ \     |
[2024-12-28 18:08:12Z INFO Terminal] WRITE LINE: |       \____|_|\__|_| |_|\__,_|_.__/  /_/   \_\___|\__|_|\___/|_| |_|___/     |
[2024-12-28 18:08:12Z INFO Terminal] WRITE LINE: |                                                                              |
[2024-12-28 18:08:12Z INFO Terminal] WRITE: |                       
[2024-12-28 18:08:12Z INFO Terminal] WRITE: Self-hosted runner registration
[2024-12-28 18:08:12Z INFO Terminal] WRITE LINE:                         |
[2024-12-28 18:08:12Z INFO Terminal] WRITE LINE: |                                                                              |
[2024-12-28 18:08:12Z INFO Terminal] WRITE LINE: --------------------------------------------------------------------------------
[2024-12-28 18:08:12Z INFO ConfigurationManager] ConfigureAsync
[2024-12-28 18:08:12Z INFO CommandSettings] Flag 'generateServiceConfig': 'False'
[2024-12-28 18:08:12Z INFO ConfigurationStore] IsConfigured()
[2024-12-28 18:08:12Z INFO ConfigurationStore] IsConfigured: False
[2024-12-28 18:08:12Z INFO ConfigurationManager] Is configured: False
[2024-12-28 18:08:12Z INFO CommandSettings] Arg 'url': 'https://github.com/cu-ecen-aeld/assignment-1-cdyjcbs'
[2024-12-28 18:08:12Z INFO CommandSettings] Remove url from Arg dictionary.
[2024-12-28 18:08:12Z INFO CommandSettings] Arg 'token': '***'
[2024-12-28 18:08:12Z INFO CommandSettings] Remove token from Arg dictionary.
[2024-12-28 18:08:13Z INFO ConfigurationManager] Http response code: OK from 'POST https://api.github.com/actions/runner-registration' (CF17:3D9A0B:173A7C7:2E543D5:67703E8D)
[2024-12-28 18:08:13Z INFO ConfigurationManager] Using V2 flow: False
[2024-12-28 18:08:13Z INFO ConfigurationManager] cred retrieved via GitHub auth
[2024-12-28 18:08:13Z INFO RunnerServer] EstablishVssConnection
[2024-12-28 18:08:13Z INFO RunnerServer] Establish connection with 100 seconds timeout.
[2024-12-28 18:08:13Z INFO GitHubActionsService] Starting operation Location.GetConnectionData
[2024-12-28 18:08:13Z INFO RunnerServer] EstablishVssConnection
[2024-12-28 18:08:13Z INFO RunnerServer] Establish connection with 60 seconds timeout.
[2024-12-28 18:08:13Z INFO GitHubActionsService] Starting operation Location.GetConnectionData
[2024-12-28 18:08:13Z INFO RunnerServer] EstablishVssConnection
[2024-12-28 18:08:13Z INFO RunnerServer] Establish connection with 60 seconds timeout.
[2024-12-28 18:08:13Z INFO GitHubActionsService] Starting operation Location.GetConnectionData
[2024-12-28 18:08:14Z INFO GitHubActionsService] Finished operation Location.GetConnectionData
[2024-12-28 18:08:14Z INFO GitHubActionsService] Finished operation Location.GetConnectionData
[2024-12-28 18:08:14Z INFO GitHubActionsService] Finished operation Location.GetConnectionData
[2024-12-28 18:08:14Z INFO Terminal] WRITE LINE: 
[2024-12-28 18:08:14Z INFO ConfigurationManager] Test Connection complete.
[2024-12-28 18:08:14Z INFO HostContext] Well known directory 'Bin': '/home/cljacbs2/Documents/ECEA 5305/assignment-1-cdyjcbs/actions-runner/bin'
[2024-12-28 18:08:14Z INFO HostContext] Well known directory 'Root': '/home/cljacbs2/Documents/ECEA 5305/assignment-1-cdyjcbs/actions-runner'
[2024-12-28 18:08:14Z INFO HostContext] Well known config file 'RSACredentials': '/home/cljacbs2/Documents/ECEA 5305/assignment-1-cdyjcbs/actions-runner/.credentials_rsaparams'
[2024-12-28 18:08:14Z INFO RSAFileKeyManager] Creating new RSA key using 2048-bit key length
[2024-12-28 18:08:14Z INFO RSAFileKeyManager] Successfully saved RSA key parameters to file /home/cljacbs2/Documents/ECEA 5305/assignment-1-cdyjcbs/actions-runner/.credentials_rsaparams
[2024-12-28 18:08:14Z INFO RSAFileKeyManager] Which2: 'chmod'
[2024-12-28 18:08:14Z INFO RSAFileKeyManager] Location: '/usr/bin/chmod'
[2024-12-28 18:08:14Z INFO HostContext] Well known directory 'Bin': '/home/cljacbs2/Documents/ECEA 5305/assignment-1-cdyjcbs/actions-runner/bin'
[2024-12-28 18:08:14Z INFO HostContext] Well known directory 'Root': '/home/cljacbs2/Documents/ECEA 5305/assignment-1-cdyjcbs/actions-runner'
[2024-12-28 18:08:14Z INFO ProcessInvokerWrapper] Starting process:
[2024-12-28 18:08:14Z INFO ProcessInvokerWrapper]   File name: '/usr/bin/chmod'
[2024-12-28 18:08:14Z INFO ProcessInvokerWrapper]   Arguments: '600 /home/cljacbs2/Documents/ECEA 5305/assignment-1-cdyjcbs/actions-runner/.credentials_rsaparams'
[2024-12-28 18:08:14Z INFO ProcessInvokerWrapper]   Working directory: '/home/cljacbs2/Documents/ECEA 5305/assignment-1-cdyjcbs/actions-runner'
[2024-12-28 18:08:14Z INFO ProcessInvokerWrapper]   Require exit code zero: 'False'
[2024-12-28 18:08:14Z INFO ProcessInvokerWrapper]   Encoding web name:  ; code page: ''
[2024-12-28 18:08:14Z INFO ProcessInvokerWrapper]   Force kill process on cancellation: 'False'
[2024-12-28 18:08:14Z INFO ProcessInvokerWrapper]   Redirected STDIN: 'False'
[2024-12-28 18:08:14Z INFO ProcessInvokerWrapper]   Persist current code page: 'False'
[2024-12-28 18:08:14Z INFO ProcessInvokerWrapper]   Keep redirected STDIN open: 'False'
[2024-12-28 18:08:14Z INFO ProcessInvokerWrapper]   High priority process: 'False'
[2024-12-28 18:08:14Z INFO ProcessInvokerWrapper] Updated oom_score_adj to 500 for PID: 4394.
[2024-12-28 18:08:14Z INFO ProcessInvokerWrapper] Process started with process id 4394, waiting for process exit.
[2024-12-28 18:08:14Z INFO ProcessInvokerWrapper] STDOUT/STDERR stream read finished.
[2024-12-28 18:08:14Z INFO ProcessInvokerWrapper] STDOUT/STDERR stream read finished.
[2024-12-28 18:08:14Z INFO ProcessInvokerWrapper] Finished process 4394 with exit code 1, and elapsed time 00:00:00.0072657.
[2024-12-28 18:08:14Z WARN RSAFileKeyManager] Unable to succesfully set permissions for RSA key parameters file /home/cljacbs2/Documents/ECEA 5305/assignment-1-cdyjcbs/actions-runner/.credentials_rsaparams. Received exit code 1 from /usr/bin/chmod
[2024-12-28 18:08:14Z INFO CommandSettings] Arg 'runnergroup': ''
[2024-12-28 18:08:14Z INFO CommandSettings] Flag 'unattended': 'False'
[2024-12-28 18:08:14Z INFO PromptManager] ReadValue
[2024-12-28 18:08:14Z INFO Terminal] WRITE: Enter the name of the runner group to add this runner to: 
[2024-12-28 18:08:14Z INFO Terminal] WRITE: [press Enter for Default] 
[2024-12-28 18:08:14Z INFO Terminal] READ LINE
[2024-12-28 18:08:48Z INFO Terminal] Read value: ''
[2024-12-28 18:08:48Z INFO PromptManager] Falling back to the default: 'Default'
[2024-12-28 18:08:48Z INFO Terminal] WRITE LINE: 
[2024-12-28 18:08:48Z INFO ConfigurationManager] Found a self-hosted runner group with id 1 and name Default
[2024-12-28 18:08:48Z INFO CommandSettings] Flag 'disableupdate': 'False'
[2024-12-28 18:08:48Z INFO CommandSettings] Flag 'ephemeral': 'False'
[2024-12-28 18:08:48Z INFO CommandSettings] Arg 'name': ''
[2024-12-28 18:08:48Z INFO CommandSettings] Flag 'unattended': 'False'
[2024-12-28 18:08:48Z INFO PromptManager] ReadValue
[2024-12-28 18:08:48Z INFO Terminal] WRITE: Enter the name of runner: 
[2024-12-28 18:08:48Z INFO Terminal] WRITE: [press Enter for Ubuntu] 
[2024-12-28 18:08:48Z INFO Terminal] READ LINE
[2024-12-28 18:08:51Z INFO Terminal] Read value: ''
[2024-12-28 18:08:51Z INFO PromptManager] Falling back to the default: 'Ubuntu'
[2024-12-28 18:08:51Z INFO Terminal] WRITE LINE: 
[2024-12-28 18:08:51Z INFO CommandSettings] Arg 'labels': ''
[2024-12-28 18:08:51Z INFO CommandSettings] Flag 'unattended': 'False'
[2024-12-28 18:08:51Z INFO PromptManager] ReadValue
[2024-12-28 18:08:51Z INFO Terminal] WRITE: This runner will have the following labels: 'self-hosted', 'Linux', 'X64' 
Enter any additional labels (ex. label-1,label-2): 
[2024-12-28 18:08:51Z INFO Terminal] WRITE: [press Enter to skip] 
[2024-12-28 18:08:51Z INFO Terminal] READ LINE
[2024-12-28 18:08:56Z INFO Terminal] Read value: ''
[2024-12-28 18:08:56Z INFO Terminal] WRITE LINE: 
[2024-12-28 18:08:56Z INFO CommandSettings] Flag 'disableupdate': 'False'
[2024-12-28 18:08:56Z INFO CommandSettings] Flag 'no-default-labels': 'False'
[2024-12-28 18:08:56Z INFO CommandSettings] Flag 'disableupdate': 'False'
[2024-12-28 18:08:56Z INFO CommandSettings] Flag 'ephemeral': 'False'
[2024-12-28 18:08:56Z INFO ConfigurationStore] Saving OAuth credential @ /home/cljacbs2/Documents/ECEA 5305/assignment-1-cdyjcbs/actions-runner/.credentials
[2024-12-28 18:08:56Z INFO ConfigurationStore] Credentials Saved.
[2024-12-28 18:08:56Z INFO ConfigurationStore] HasCredentials()
[2024-12-28 18:08:56Z INFO ConfigurationStore] stored True
[2024-12-28 18:08:56Z INFO CredentialManager] GetCredentialProvider
[2024-12-28 18:08:56Z INFO CredentialManager] Creating type OAuth
[2024-12-28 18:08:56Z INFO CredentialManager] Creating credential type: OAuth
[2024-12-28 18:08:56Z INFO RSAFileKeyManager] Loading RSA key parameters from file /home/cljacbs2/Documents/ECEA 5305/assignment-1-cdyjcbs/actions-runner/.credentials_rsaparams
[2024-12-28 18:08:56Z INFO RunnerServer] EstablishVssConnection
[2024-12-28 18:08:56Z INFO RunnerServer] Establish connection with 100 seconds timeout.
[2024-12-28 18:08:56Z INFO GitHubActionsService] Starting operation Location.GetConnectionData
[2024-12-28 18:08:56Z INFO RunnerServer] EstablishVssConnection
[2024-12-28 18:08:56Z INFO RunnerServer] Establish connection with 60 seconds timeout.
[2024-12-28 18:08:56Z INFO GitHubActionsService] Starting operation Location.GetConnectionData
[2024-12-28 18:08:56Z INFO RunnerServer] EstablishVssConnection
[2024-12-28 18:08:56Z INFO RunnerServer] Establish connection with 60 seconds timeout.
[2024-12-28 18:08:56Z INFO GitHubActionsService] Starting operation Location.GetConnectionData
[2024-12-28 18:08:56Z INFO GitHubActionsService] Finished operation Location.GetConnectionData
[2024-12-28 18:08:57Z INFO GitHubActionsService] Finished operation Location.GetConnectionData
[2024-12-28 18:08:57Z INFO GitHubActionsService] Finished operation Location.GetConnectionData
[2024-12-28 18:08:57Z INFO RSAFileKeyManager] Loading RSA key parameters from file /home/cljacbs2/Documents/ECEA 5305/assignment-1-cdyjcbs/actions-runner/.credentials_rsaparams
[2024-12-28 18:08:57Z INFO RSAFileKeyManager] Loading RSA key parameters from file /home/cljacbs2/Documents/ECEA 5305/assignment-1-cdyjcbs/actions-runner/.credentials_rsaparams
[2024-12-28 18:08:57Z INFO GitHubActionsService] AAD Correlation ID for this token request: Unknown
[2024-12-28 18:08:57Z INFO CommandSettings] Arg 'work': ''
[2024-12-28 18:08:57Z INFO CommandSettings] Flag 'unattended': 'False'
[2024-12-28 18:08:57Z INFO PromptManager] ReadValue
[2024-12-28 18:08:57Z INFO Terminal] WRITE: Enter name of work folder: 
[2024-12-28 18:08:57Z INFO Terminal] WRITE: [press Enter for _work] 
[2024-12-28 18:08:57Z INFO Terminal] READ LINE
[2024-12-28 18:09:02Z INFO Terminal] Read value: ''
[2024-12-28 18:09:02Z INFO PromptManager] Falling back to the default: '_work'
[2024-12-28 18:09:02Z INFO ConfigurationStore] Saving runner settings.
[2024-12-28 18:09:02Z INFO ConfigurationStore] Settings Saved.
[2024-12-28 18:09:02Z INFO Terminal] WRITE LINE: 
[2024-12-28 18:09:02Z INFO Terminal] WRITE LINE: 
[2024-12-28 18:09:02Z INFO SystemDControlManager] Service name 'actions.runner.cu-ecen-aeld-assignment-1-cdyjcbs.Ubuntu.service' display name 'GitHub Actions Runner (cu-ecen-aeld-assignment-1-cdyjcbs.Ubuntu)' will be used for service configuration.
[2024-12-28 18:09:02Z INFO HostContext] Well known directory 'Bin': '/home/cljacbs2/Documents/ECEA 5305/assignment-1-cdyjcbs/actions-runner/bin'
[2024-12-28 18:09:02Z INFO HostContext] Well known directory 'Root': '/home/cljacbs2/Documents/ECEA 5305/assignment-1-cdyjcbs/actions-runner'
[2024-12-28 18:09:02Z INFO HostContext] Well known directory 'Bin': '/home/cljacbs2/Documents/ECEA 5305/assignment-1-cdyjcbs/actions-runner/bin'
[2024-12-28 18:09:02Z INFO HostContext] Well known directory 'Bin': '/home/cljacbs2/Documents/ECEA 5305/assignment-1-cdyjcbs/actions-runner/bin'
[2024-12-28 18:09:02Z INFO HostContext] Well known directory 'Root': '/home/cljacbs2/Documents/ECEA 5305/assignment-1-cdyjcbs/actions-runner'
[2024-12-28 18:09:02Z INFO UnixUtil] Which2: 'chmod'
[2024-12-28 18:09:02Z INFO UnixUtil] Location: '/usr/bin/chmod'
[2024-12-28 18:09:02Z INFO UnixUtil] Running /usr/bin/chmod 755 "/home/cljacbs2/Documents/ECEA 5305/assignment-1-cdyjcbs/actions-runner/svc.sh"
[2024-12-28 18:09:02Z INFO ProcessInvokerWrapper] Starting process:
[2024-12-28 18:09:02Z INFO ProcessInvokerWrapper]   File name: '/usr/bin/chmod'
[2024-12-28 18:09:02Z INFO ProcessInvokerWrapper]   Arguments: '755 "/home/cljacbs2/Documents/ECEA 5305/assignment-1-cdyjcbs/actions-runner/svc.sh"'
[2024-12-28 18:09:02Z INFO ProcessInvokerWrapper]   Working directory: '/home/cljacbs2/Documents/ECEA 5305/assignment-1-cdyjcbs/actions-runner'
[2024-12-28 18:09:02Z INFO ProcessInvokerWrapper]   Require exit code zero: 'True'
[2024-12-28 18:09:02Z INFO ProcessInvokerWrapper]   Encoding web name:  ; code page: ''
[2024-12-28 18:09:02Z INFO ProcessInvokerWrapper]   Force kill process on cancellation: 'False'
[2024-12-28 18:09:02Z INFO ProcessInvokerWrapper]   Redirected STDIN: 'False'
[2024-12-28 18:09:02Z INFO ProcessInvokerWrapper]   Persist current code page: 'False'
[2024-12-28 18:09:02Z INFO ProcessInvokerWrapper]   Keep redirected STDIN open: 'False'
[2024-12-28 18:09:02Z INFO ProcessInvokerWrapper]   High priority process: 'False'
[2024-12-28 18:09:02Z INFO ProcessInvokerWrapper] Updated oom_score_adj to 500 for PID: 4402.
[2024-12-28 18:09:02Z INFO ProcessInvokerWrapper] Process started with process id 4402, waiting for process exit.
[2024-12-28 18:09:02Z INFO ProcessInvokerWrapper] STDOUT/STDERR stream read finished.
[2024-12-28 18:09:02Z INFO ProcessInvokerWrapper] STDOUT/STDERR stream read finished.
[2024-12-28 18:09:02Z INFO ProcessInvokerWrapper] Finished process 4402 with exit code 0, and elapsed time 00:00:00.0148119.
[2024-12-28 18:09:02Z INFO Listener] Runner execution has finished with return code 0
