[2024-12-28 18:09:17Z INFO HostContext] No proxy settings were found based on environmental variables (http_proxy/https_proxy/HTTP_PROXY/HTTPS_PROXY)
[2024-12-28 18:09:17Z INFO HostContext] Well known directory 'Bin': '/home/cljacbs2/Documents/ECEA 5305/assignment-1-cdyjcbs/actions-runner/bin'
[2024-12-28 18:09:17Z INFO HostContext] Well known directory 'Root': '/home/cljacbs2/Documents/ECEA 5305/assignment-1-cdyjcbs/actions-runner'
[2024-12-28 18:09:17Z INFO HostContext] Well known config file 'Credentials': '/home/cljacbs2/Documents/ECEA 5305/assignment-1-cdyjcbs/actions-runner/.credentials'
[2024-12-28 18:09:17Z INFO HostContext] Well known directory 'Bin': '/home/cljacbs2/Documents/ECEA 5305/assignment-1-cdyjcbs/actions-runner/bin'
[2024-12-28 18:09:17Z INFO HostContext] Well known directory 'Root': '/home/cljacbs2/Documents/ECEA 5305/assignment-1-cdyjcbs/actions-runner'
[2024-12-28 18:09:17Z INFO HostContext] Well known config file 'Runner': '/home/cljacbs2/Documents/ECEA 5305/assignment-1-cdyjcbs/actions-runner/.runner'
[2024-12-28 18:09:17Z INFO Worker] Version: 2.321.0
[2024-12-28 18:09:17Z INFO Worker] Commit: e249007931b7c8e857797fa259c167f0bd4f997a
[2024-12-28 18:09:17Z INFO Worker] Culture: en-US
[2024-12-28 18:09:17Z INFO Worker] UI Culture: en-US
[2024-12-28 18:09:17Z INFO Worker] Waiting to receive the job message from the channel.
[2024-12-28 18:09:17Z INFO ProcessChannel] Receiving message of length 27505, with hash '7a2bfd7be05abf865e3e3188d0e4bb6522a76ef5b2b836ad1bcf20dcd1e91c21'
[2024-12-28 18:09:17Z INFO Worker] Message received.
[2024-12-28 18:09:17Z INFO Worker] Job message:
 {
  "fileTable": [
    ".github/workflows/github-actions.yml"
  ],
  "mask": [
    {
      "type": "regex",
      "value": "***"
    },
    {
      "type": "regex",
      "value": "***"
    },
    {
      "type": "regex",
      "value": "***"
    },
    {
      "type": "regex",
      "value": "***"
    },
    {
      "type": "regex",
      "value": "***"
    },
    {
      "type": "regex",
      "value": "***"
    },
    {
      "type": "regex",
      "value": "***"
    },
    {
      "type": "regex",
      "value": "***"
    },
    {
      "type": "regex",
      "value": "***"
    },
    {
      "type": "regex",
      "value": "***"
    },
    {
      "type": "regex",
      "value": "***"
    },
    {
      "type": "regex",
      "value": "***"
    },
    {
      "type": "regex",
      "value": "***"
    },
    {
      "type": "regex",
      "value": "***"
    },
    {
      "type": "regex",
      "value": "***"
    },
    {
      "type": "regex",
      "value": "***"
    },
    {
      "type": "regex",
      "value": "***"
    },
    {
      "type": "regex",
      "value": "***"
    },
    {
      "type": "regex",
      "value": "***"
    }
  ],
  "steps": [
    {
      "type": "action",
      "reference": {
        "type": "repository",
        "name": "actions/checkout",
        "ref": "v2",
        "repositoryType": "GitHub",
        "path": ""
      },
      "contextName": "__actions_checkout",
      "condition": "success()",
      "id": "a878fecf-9250-57e2-84e0-aae0213d4ecb",
      "name": "__actions_checkout"
    },
    {
      "type": "action",
      "reference": {
        "type": "script"
      },
      "displayNameToken": {
        "type": 0,
        "file": 1,
        "line": 14,
        "col": 19,
        "lit": "Checkout submodules"
      },
      "contextName": "__run",
      "inputs": {
        "type": 2,
        "map": [
          {
            "key": "script",
            "value": {
              "type": 0,
              "file": 1,
              "line": 15,
              "col": 19,
              "lit": "git submodule update --init --recursive"
            }
          }
        ]
      },
      "condition": "success()",
      "id": "145553fb-1baa-5bc7-b18e-5469e21587f7",
      "name": "__run"
    },
    {
      "type": "action",
      "reference": {
        "type": "script"
      },
      "displayNameToken": {
        "type": 0,
        "file": 1,
        "line": 16,
        "col": 19,
        "lit": "Run unit test"
      },
      "contextName": "__run_2",
      "inputs": {
        "type": 2,
        "map": [
          {
            "key": "script",
            "value": {
              "type": 0,
              "file": 1,
              "line": 17,
              "col": 18,
              "lit": "./unit-test.sh"
            }
          }
        ]
      },
      "condition": "success()",
      "id": "8615dfaf-7ef8-510a-52bc-76337457853a",
      "name": "__run_2"
    }
  ],
  "variables": {
    "system.isScheduled": {
      "value": "False"
    },
    "system.servertype": {
      "value": "Hosted"
    },
    "system.culture": {
      "value": ""
    },
    "system.pipelineStartTime": {
      "value": "2024-12-28 18:09:15+00:00"
    },
    "system.runner.lowdiskspacethreshold": {
      "value": "100"
    },
    "DistributedTask.NewActionMetadata": {
      "value": "true"
    },
    "DistributedTask.EnableCompositeActions": {
      "value": "true"
    },
    "DistributedTask.EnhancedAnnotations": {
      "value": "true"
    },
    "DistributedTask.UploadStepSummary": {
      "value": "true"
    },
    "DistributedTask.ForceGithubJavascriptActionsToNode16": {
      "value": "true"
    },
    "DistributedTask.ForceGithubJavascriptActionsToNode20": {
      "value": "true"
    },
    "DistributedTask.AddWarningToNode12Action": {
      "value": "true"
    },
    "DistributedTask.AddWarningToNode16Action": {
      "value": "true"
    },
    "DistributedTask.LogTemplateErrorsAsDebugMessages": {
      "value": "true"
    },
    "DistributedTask.AllowRunnerContainerHooks": {
      "value": "true"
    },
    "DistributedTask.DeprecateStepOutputCommands": {
      "value": "true"
    },
    "DistributedTask.UseWhich2": {
      "value": "true"
    },
    "DistributedTask.DetailUntarFailure": {
      "value": "true"
    },
    "DistributedTask.UseActionArchiveCache": {
      "value": "true"
    },
    "DistributedTask.EnableJobServerQueueTelemetry": {
      "value": "true"
    },
    "DistributedTask.MarkJobAsFailedOnWorkerCrash": {
      "value": "true"
    },
    "Actions.EnableHttpRedirects": {
      "value": "true"
    },
    "system.teamProjectId": {
      "value": "00000000-0000-0000-0000-000000000000"
    },
    "build.buildId": {
      "value": "1"
    },
    "build.containerId": {
      "value": "41830543"
    },
    "build.allowCreateArtifacts": {
      "value": "False"
    },
    "system.workflowFilePath": {
      "value": ".github/workflows/github-actions.yml"
    },
    "system.phaseDisplayName": {
      "value": "unit-test"
    },
    "system.phaseId": {
      "value": "f9b18aa4-1325-5d63-b757-65b914572d7c"
    },
    "system.phaseName": {
      "value": "unit-test"
    },
    "system.phaseAttempt": {
      "value": "1"
    },
    "system.jobIdentifier": {
      "value": "unit-test.__default"
    },
    "system.jobAttempt": {
      "value": "1"
    },
    "System.JobPositionInPhase": {
      "value": "1"
    },
    "System.TotalJobsInPhase": {
      "value": "1"
    },
    "system.github.job": {
      "value": "unit-test"
    },
    "system.jobDisplayName": {
      "value": "unit-test"
    },
    "system.jobId": {
      "value": "0e10f8dd-85b5-5bee-19c6-47fc7db6f171"
    },
    "system.jobName": {
      "value": "__default"
    },
    "system.github.token.permissions": {
      "value": "{\"Actions\":\"write\",\"Attestations\":\"write\",\"Checks\":\"write\",\"Contents\":\"write\",\"Deployments\":\"write\",\"Discussions\":\"write\",\"Issues\":\"write\",\"Metadata\":\"read\",\"Packages\":\"write\",\"Pages\":\"write\",\"PullRequests\":\"write\",\"RepositoryProjects\":\"write\",\"SecurityEvents\":\"write\",\"Statuses\":\"write\"}"
    },
    "system.github.token": {
      "value": "***",
      "isSecret": true
    },
    "system.runnerEnvironment": {
      "value": "self-hosted"
    },
    "system.github.results_endpoint": {
      "value": "https://results-receiver.actions.githubusercontent.com/"
    },
    "system.github.results_upload_with_sdk": {
      "value": "True"
    },
    "system.testDotNet8Compatibility": {
      "value": "true"
    },
    "system.dotNet8CompatibilityOutputLength": {
      "value": "200"
    },
    "system.dotNet8CompatibilityOutputPattern": {
      "value": "GLIBCXX"
    },
    "system.dotNet8CompatibilityWarning": {
      "value": "The Actions runner will no longer support your OS version on November 1, 2024. Please upgrade to a supported version. For information, refer https://github.blog/changelog/2024-08-19-notice-of-upcoming-deprecations-and-breaking-changes-in-github-actions-runners/"
    },
    "system.orchestrationId": {
      "value": "1f086bcc-3453-4c8c-af2a-b07444446dcd.unit-test.__default"
    },
    "system.runnerGroupName": {
      "value": "Default"
    }
  },
  "messageType": "PipelineAgentJobRequest",
  "plan": {
    "scopeIdentifier": "00000000-0000-0000-0000-000000000000",
    "planType": "Actions",
    "version": 41,
    "planId": "1f086bcc-3453-4c8c-af2a-b07444446dcd",
    "planGroup": "Actions:00000000-0000-0000-0000-000000000000:1",
    "artifactUri": "vstfs:///Build/Build/1",
    "artifactLocation": null,
    "definition": {
      "_links": {},
      "id": 3,
      "name": "assignment-1-cdyjcbs"
    },
    "owner": {
      "_links": {},
      "id": 3,
      "name": "cu-ecen-aeld"
    }
  },
  "timeline": {
    "id": "1f086bcc-3453-4c8c-af2a-b07444446dcd",
    "changeId": 0,
    "location": null
  },
  "jobId": "0e10f8dd-85b5-5bee-19c6-47fc7db6f171",
  "jobDisplayName": "unit-test",
  "jobName": "__default",
  "jobContainer": {
    "type": 0,
    "file": 1,
    "line": 10,
    "col": 20,
    "lit": "cuaesd/aesd-autotest:24-unit-test"
  },
  "requestId": 1,
  "lockedUntil": "0001-01-01T00:00:00",
  "resources": {
    "endpoints": [
      {
        "data": {
          "ServerId": "a4de503b-d845-4c6b-b340-5ec141128e49",
          "ServerName": "wjTrNgufNqyb5OuyEvu9bCpRbmBUezurSrBJVZgZTLsLNvo0DA",
          "CacheServerUrl": "https://acghubeus2.actions.githubusercontent.com/wjTrNgufNqyb5OuyEvu9bCpRbmBUezurSrBJVZgZTLsLNvo0DA/",
          "FeedStreamUrl": "https://results-receiver.actions.githubusercontent.com/_ws/ingest.sock",
          "ResultsServiceUrl": "https://results-receiver.actions.githubusercontent.com/",
          "ConnectivityChecks": "[\"https://acghubeus0.actions.githubusercontent.com/_apis/health\",\"https://results-receiver.actions.githubusercontent.com/health\",\"https://pkg.actions.githubusercontent.com\",\"https://actions-results-receiver-production.githubapp.com/health\",\"https://pipelinesghubeus4.actions.githubusercontent.com/_apis/health\"]"
        },
        "name": "SystemVssConnection",
        "url": "https://pipelinesghubeus4.actions.githubusercontent.com/wjTrNgufNqyb5OuyEvu9bCpRbmBUezurSrBJVZgZTLsLNvo0DA/",
        "authorization": {
          "parameters": {
            "AccessToken": ***
          },
          "scheme": "OAuth"
        },
        "isShared": false,
        "isReady": true
      }
    ]
  },
  "contextData": {
    "github": {
      "t": 2,
      "d": [
        {
          "k": "ref",
          "v": "refs/heads/main"
        },
        {
          "k": "sha",
          "v": "2765d9f8d5cad8c8339d67df3c0c506bb0a3b26d"
        },
        {
          "k": "repository",
          "v": "cu-ecen-aeld/assignment-1-cdyjcbs"
        },
        {
          "k": "repository_owner",
          "v": "cu-ecen-aeld"
        },
        {
          "k": "repository_owner_id",
          "v": "49594950"
        },
        {
          "k": "repositoryUrl",
          "v": "git://github.com/cu-ecen-aeld/assignment-1-cdyjcbs.git"
        },
        {
          "k": "run_id",
          "v": "12524234180"
        },
        {
          "k": "run_number",
          "v": "2"
        },
        {
          "k": "retention_days",
          "v": "90"
        },
        {
          "k": "run_attempt",
          "v": "1"
        },
        {
          "k": "artifact_cache_size_limit",
          "v": "10"
        },
        {
          "k": "repository_visibility",
          "v": "public"
        },
        {
          "k": "repo-self-hosted-runners-disabled",
          "v": false
        },
        {
          "k": "enterprise-managed-business-id",
          "v": ""
        },
        {
          "k": "repository_id",
          "v": "829136562"
        },
        {
          "k": "actor_id",
          "v": "173296637"
        },
        {
          "k": "actor",
          "v": "cdyjcbs"
        },
        {
          "k": "triggering_actor",
          "v": "cdyjcbs"
        },
        {
          "k": "workflow",
          "v": "assignment-test"
        },
        {
          "k": "head_ref",
          "v": ""
        },
        {
          "k": "base_ref",
          "v": ""
        },
        {
          "k": "event_name",
          "v": "push"
        },
        {
          "k": "event",
          "v": {
            "t": 2,
            "d": [
              {
                "k": "after",
                "v": "2765d9f8d5cad8c8339d67df3c0c506bb0a3b26d"
              },
              {
                "k": "base_ref",
                "v": null
              },
              {
                "k": "before",
                "v": "4b5c7e7aeb662fa56f3391ff17f48f9e5e33e2b3"
              },
              {
                "k": "commits",
                "v": {
                  "t": 1,
                  "a": [
                    {
                      "t": 2,
                      "d": [
                        {
                          "k": "author",
                          "v": {
                            "t": 2,
                            "d": [
                              {
                                "k": "email",
                                "v": "danwalkes@trellis-logic.com"
                              },
                              {
                                "k": "name",
                                "v": "Dan Walkes"
                              },
                              {
                                "k": "username",
                                "v": "dwalkes"
                              }
                            ]
                          }
                        },
                        {
                          "k": "committer",
                          "v": {
                            "t": 2,
                            "d": [
                              {
                                "k": "email",
                                "v": "danwalkes@trellis-logic.com"
                              },
                              {
                                "k": "name",
                                "v": "Dan Walkes"
                              },
                              {
                                "k": "username",
                                "v": "dwalkes"
                              }
                            ]
                          }
                        },
                        {
                          "k": "distinct",
                          "v": true
                        },
                        {
                          "k": "id",
                          "v": "f0c7a24c232fcf664ebf5387e3f6b5cd306ef308"
                        },
                        {
                          "k": "message",
                          "v": "Update container for F24\n\nUpdate to Ubuntu 22.04 containers"
                        },
                        {
                          "k": "timestamp",
                          "v": "2024-08-25T15:21:59-06:00"
                        },
                        {
                          "k": "tree_id",
                          "v": "5f116e3f3adc2c5cc90ee28335abee133f186fcd"
                        },
                        {
                          "k": "url",
                          "v": "https://github.com/cu-ecen-aeld/assignment-1-cdyjcbs/commit/f0c7a24c232fcf664ebf5387e3f6b5cd306ef308"
                        }
                      ]
                    },
                    {
                      "t": 2,
                      "d": [
                        {
                          "k": "author",
                          "v": {
                            "t": 2,
                            "d": [
                              {
                                "k": "email",
                                "v": "daniel.walkes@colorado.edu"
                              },
                              {
                                "k": "name",
                                "v": "Dan Walkes"
                              },
                              {
                                "k": "username",
                                "v": "dwalkes"
                              }
                            ]
                          }
                        },
                        {
                          "k": "committer",
                          "v": {
                            "t": 2,
                            "d": [
                              {
                                "k": "email",
                                "v": "noreply@github.com"
                              },
                              {
                                "k": "name",
                                "v": "GitHub"
                              },
                              {
                                "k": "username",
                                "v": "web-flow"
                              }
                            ]
                          }
                        },
                        {
                          "k": "distinct",
                          "v": true
                        },
                        {
                          "k": "id",
                          "v": "cc85b8e6507347c2854f1650a21d612e9ea57bfb"
                        },
                        {
                          "k": "message",
                          "v": "Merge pull request #49 from cu-ecen-aeld/f24-container-update\n\nUpdate container for F24"
                        },
                        {
                          "k": "timestamp",
                          "v": "2024-08-28T12:17:14-06:00"
                        },
                        {
                          "k": "tree_id",
                          "v": "5f116e3f3adc2c5cc90ee28335abee133f186fcd"
                        },
                        {
                          "k": "url",
                          "v": "https://github.com/cu-ecen-aeld/assignment-1-cdyjcbs/commit/cc85b8e6507347c2854f1650a21d612e9ea57bfb"
                        }
                      ]
                    },
                    {
                      "t": 2,
                      "d": [
                        {
                          "k": "author",
                          "v": {
                            "t": 2,
                            "d": [
                              {
                                "k": "email",
                                "v": "cljacbs2@Ubuntu.myguest.virtualbox.org"
                              },
                              {
                                "k": "name",
                                "v": "cljacbs2"
                              }
                            ]
                          }
                        },
                        {
                          "k": "committer",
                          "v": {
                            "t": 2,
                            "d": [
                              {
                                "k": "email",
                                "v": "cljacbs2@Ubuntu.myguest.virtualbox.org"
                              },
                              {
                                "k": "name",
                                "v": "cljacbs2"
                              }
                            ]
                          }
                        },
                        {
                          "k": "distinct",
                          "v": true
                        },
                        {
                          "k": "id",
                          "v": "2765d9f8d5cad8c8339d67df3c0c506bb0a3b26d"
                        },
                        {
                          "k": "message",
                          "v": "Merge remote-tracking branch 'assignments-base/master'\nBeginning assignment and need to reconcile files."
                        },
                        {
                          "k": "timestamp",
                          "v": "2024-12-27T22:20:19-07:00"
                        },
                        {
                          "k": "tree_id",
                          "v": "0f43d8490488c9b24e0809d1692e6579093b2acc"
                        },
                        {
                          "k": "url",
                          "v": "https://github.com/cu-ecen-aeld/assignment-1-cdyjcbs/commit/2765d9f8d5cad8c8339d67df3c0c506bb0a3b26d"
                        }
                      ]
                    }
                  ]
                }
              },
              {
                "k": "compare",
                "v": "https://github.com/cu-ecen-aeld/assignment-1-cdyjcbs/compare/4b5c7e7aeb66...2765d9f8d5ca"
              },
              {
                "k": "created",
                "v": false
              },
              {
                "k": "deleted",
                "v": false
              },
              {
                "k": "forced",
                "v": false
              },
              {
                "k": "head_commit",
                "v": {
                  "t": 2,
                  "d": [
                    {
                      "k": "author",
                      "v": {
                        "t": 2,
                        "d": [
                          {
                            "k": "email",
                            "v": "cljacbs2@Ubuntu.myguest.virtualbox.org"
                          },
                          {
                            "k": "name",
                            "v": "cljacbs2"
                          }
                        ]
                      }
                    },
                    {
                      "k": "committer",
                      "v": {
                        "t": 2,
                        "d": [
                          {
                            "k": "email",
                            "v": "cljacbs2@Ubuntu.myguest.virtualbox.org"
                          },
                          {
                            "k": "name",
                            "v": "cljacbs2"
                          }
                        ]
                      }
                    },
                    {
                      "k": "distinct",
                      "v": true
                    },
                    {
                      "k": "id",
                      "v": "2765d9f8d5cad8c8339d67df3c0c506bb0a3b26d"
                    },
                    {
                      "k": "message",
                      "v": "Merge remote-tracking branch 'assignments-base/master'\nBeginning assignment and need to reconcile files."
                    },
                    {
                      "k": "timestamp",
                      "v": "2024-12-27T22:20:19-07:00"
                    },
                    {
                      "k": "tree_id",
                      "v": "0f43d8490488c9b24e0809d1692e6579093b2acc"
                    },
                    {
                      "k": "url",
                      "v": "https://github.com/cu-ecen-aeld/assignment-1-cdyjcbs/commit/2765d9f8d5cad8c8339d67df3c0c506bb0a3b26d"
                    }
                  ]
                }
              },
              {
                "k": "organization",
                "v": {
                  "t": 2,
                  "d": [
                    {
                      "k": "avatar_url",
                      "v": "https://avatars.githubusercontent.com/u/49594950?v=4"
                    },
                    {
                      "k": "description",
                      "v": "Course Github Organization for University of Colorado at Boulder ECEN 5713 Advanced Embedded Software Development (previously 5013-002)"
                    },
                    {
                      "k": "events_url",
                      "v": "https://api.github.com/orgs/cu-ecen-aeld/events"
                    },
                    {
                      "k": "hooks_url",
                      "v": "https://api.github.com/orgs/cu-ecen-aeld/hooks"
                    },
                    {
                      "k": "id",
                      "v": 49594950.0
                    },
                    {
                      "k": "issues_url",
                      "v": "https://api.github.com/orgs/cu-ecen-aeld/issues"
                    },
                    {
                      "k": "login",
                      "v": "cu-ecen-aeld"
                    },
                    {
                      "k": "members_url",
                      "v": "https://api.github.com/orgs/cu-ecen-aeld/members{/member}"
                    },
                    {
                      "k": "node_id",
                      "v": "MDEyOk9yZ2FuaXphdGlvbjQ5NTk0OTUw"
                    },
                    {
                      "k": "public_members_url",
                      "v": "https://api.github.com/orgs/cu-ecen-aeld/public_members{/member}"
                    },
                    {
                      "k": "repos_url",
                      "v": "https://api.github.com/orgs/cu-ecen-aeld/repos"
                    },
                    {
                      "k": "url",
                      "v": "https://api.github.com/orgs/cu-ecen-aeld"
                    }
                  ]
                }
              },
              {
                "k": "pusher",
                "v": {
                  "t": 2,
                  "d": [
                    {
                      "k": "email",
                      "v": "cody.jacobs@colorado.edu"
                    },
                    {
                      "k": "name",
                      "v": "cdyjcbs"
                    }
                  ]
                }
              },
              {
                "k": "ref",
                "v": "refs/heads/main"
              },
              {
                "k": "repository",
                "v": {
                  "t": 2,
                  "d": [
                    {
                      "k": "allow_forking",
                      "v": true
                    },
                    {
                      "k": "archive_url",
                      "v": "https://api.github.com/repos/cu-ecen-aeld/assignment-1-cdyjcbs/{archive_format}{/ref}"
                    },
                    {
                      "k": "archived",
                      "v": false
                    },
                    {
                      "k": "assignees_url",
                      "v": "https://api.github.com/repos/cu-ecen-aeld/assignment-1-cdyjcbs/assignees{/user}"
                    },
                    {
                      "k": "blobs_url",
                      "v": "https://api.github.com/repos/cu-ecen-aeld/assignment-1-cdyjcbs/git/blobs{/sha}"
                    },
                    {
                      "k": "branches_url",
                      "v": "https://api.github.com/repos/cu-ecen-aeld/assignment-1-cdyjcbs/branches{/branch}"
                    },
                    {
                      "k": "clone_url",
                      "v": "https://github.com/cu-ecen-aeld/assignment-1-cdyjcbs.git"
                    },
                    {
                      "k": "collaborators_url",
                      "v": "https://api.github.com/repos/cu-ecen-aeld/assignment-1-cdyjcbs/collaborators{/collaborator}"
                    },
                    {
                      "k": "comments_url",
                      "v": "https://api.github.com/repos/cu-ecen-aeld/assignment-1-cdyjcbs/comments{/number}"
                    },
                    {
                      "k": "commits_url",
                      "v": "https://api.github.com/repos/cu-ecen-aeld/assignment-1-cdyjcbs/commits{/sha}"
                    },
                    {
                      "k": "compare_url",
                      "v": "https://api.github.com/repos/cu-ecen-aeld/assignment-1-cdyjcbs/compare/{base}...{head}"
                    },
                    {
                      "k": "contents_url",
                      "v": "https://api.github.com/repos/cu-ecen-aeld/assignment-1-cdyjcbs/contents/{+path}"
                    },
                    {
                      "k": "contributors_url",
                      "v": "https://api.github.com/repos/cu-ecen-aeld/assignment-1-cdyjcbs/contributors"
                    },
                    {
                      "k": "created_at",
                      "v": 1721076417.0
                    },
                    {
                      "k": "custom_properties",
                      "v": {
                        "t": 2
                      }
                    },
                    {
                      "k": "default_branch",
                      "v": "main"
                    },
                    {
                      "k": "deployments_url",
                      "v": "https://api.github.com/repos/cu-ecen-aeld/assignment-1-cdyjcbs/deployments"
                    },
                    {
                      "k": "description",
                      "v": "assignment-1-cdyjcbs created by GitHub Classroom"
                    },
                    {
                      "k": "disabled",
                      "v": false
                    },
                    {
                      "k": "downloads_url",
                      "v": "https://api.github.com/repos/cu-ecen-aeld/assignment-1-cdyjcbs/downloads"
                    },
                    {
                      "k": "events_url",
                      "v": "https://api.github.com/repos/cu-ecen-aeld/assignment-1-cdyjcbs/events"
                    },
                    {
                      "k": "fork",
                      "v": false
                    },
                    {
                      "k": "forks",
                      "v": 0.0
                    },
                    {
                      "k": "forks_count",
                      "v": 0.0
                    },
                    {
                      "k": "forks_url",
                      "v": "https://api.github.com/repos/cu-ecen-aeld/assignment-1-cdyjcbs/forks"
                    },
                    {
                      "k": "full_name",
                      "v": "cu-ecen-aeld/assignment-1-cdyjcbs"
                    },
                    {
                      "k": "git_commits_url",
                      "v": "https://api.github.com/repos/cu-ecen-aeld/assignment-1-cdyjcbs/git/commits{/sha}"
                    },
                    {
                      "k": "git_refs_url",
                      "v": "https://api.github.com/repos/cu-ecen-aeld/assignment-1-cdyjcbs/git/refs{/sha}"
                    },
                    {
                      "k": "git_tags_url",
                      "v": "https://api.github.com/repos/cu-ecen-aeld/assignment-1-cdyjcbs/git/tags{/sha}"
                    },
                    {
                      "k": "git_url",
                      "v": "git://github.com/cu-ecen-aeld/assignment-1-cdyjcbs.git"
                    },
                    {
                      "k": "has_discussions",
                      "v": false
                    },
                    {
                      "k": "has_downloads",
                      "v": true
                    },
                    {
                      "k": "has_issues",
                      "v": true
                    },
                    {
                      "k": "has_pages",
                      "v": false
                    },
                    {
                      "k": "has_projects",
                      "v": true
                    },
                    {
                      "k": "has_wiki",
                      "v": true
                    },
                    {
                      "k": "homepage",
                      "v": null
                    },
                    {
                      "k": "hooks_url",
                      "v": "https://api.github.com/repos/cu-ecen-aeld/assignment-1-cdyjcbs/hooks"
                    },
                    {
                      "k": "html_url",
                      "v": "https://github.com/cu-ecen-aeld/assignment-1-cdyjcbs"
                    },
                    {
                      "k": "id",
                      "v": 829136562.0
                    },
                    {
                      "k": "is_template",
                      "v": false
                    },
                    {
                      "k": "issue_comment_url",
                      "v": "https://api.github.com/repos/cu-ecen-aeld/assignment-1-cdyjcbs/issues/comments{/number}"
                    },
                    {
                      "k": "issue_events_url",
                      "v": "https://api.github.com/repos/cu-ecen-aeld/assignment-1-cdyjcbs/issues/events{/number}"
                    },
                    {
                      "k": "issues_url",
                      "v": "https://api.github.com/repos/cu-ecen-aeld/assignment-1-cdyjcbs/issues{/number}"
                    },
                    {
                      "k": "keys_url",
                      "v": "https://api.github.com/repos/cu-ecen-aeld/assignment-1-cdyjcbs/keys{/key_id}"
                    },
                    {
                      "k": "labels_url",
                      "v": "https://api.github.com/repos/cu-ecen-aeld/assignment-1-cdyjcbs/labels{/name}"
                    },
                    {
                      "k": "language",
                      "v": "Shell"
                    },
                    {
                      "k": "languages_url",
                      "v": "https://api.github.com/repos/cu-ecen-aeld/assignment-1-cdyjcbs/languages"
                    },
                    {
                      "k": "license",
                      "v": {
                        "t": 2,
                        "d": [
                          {
                            "k": "key",
                            "v": "mit"
                          },
                          {
                            "k": "name",
                            "v": "MIT License"
                          },
                          {
                            "k": "node_id",
                            "v": "MDc6TGljZW5zZTEz"
                          },
                          {
                            "k": "spdx_id",
                            "v": "MIT"
                          },
                          {
                            "k": "url",
                            "v": "https://api.github.com/licenses/mit"
                          }
                        ]
                      }
                    },
                    {
                      "k": "master_branch",
                      "v": "main"
                    },
                    {
                      "k": "merges_url",
                      "v": "https://api.github.com/repos/cu-ecen-aeld/assignment-1-cdyjcbs/merges"
                    },
                    {
                      "k": "milestones_url",
                      "v": "https://api.github.com/repos/cu-ecen-aeld/assignment-1-cdyjcbs/milestones{/number}"
                    },
                    {
                      "k": "mirror_url",
                      "v": null
                    },
                    {
                      "k": "name",
                      "v": "assignment-1-cdyjcbs"
                    },
                    {
                      "k": "node_id",
                      "v": "R_kgDOMWuesg"
                    },
                    {
                      "k": "notifications_url",
                      "v": "https://api.github.com/repos/cu-ecen-aeld/assignment-1-cdyjcbs/notifications{?since,all,participating}"
                    },
                    {
                      "k": "open_issues",
                      "v": 0.0
                    },
                    {
                      "k": "open_issues_count",
                      "v": 0.0
                    },
                    {
                      "k": "organization",
                      "v": "cu-ecen-aeld"
                    },
                    {
                      "k": "owner",
                      "v": {
                        "t": 2,
                        "d": [
                          {
                            "k": "avatar_url",
                            "v": "https://avatars.githubusercontent.com/u/49594950?v=4"
                          },
                          {
                            "k": "email",
                            "v": null
                          },
                          {
                            "k": "events_url",
                            "v": "https://api.github.com/users/cu-ecen-aeld/events{/privacy}"
                          },
                          {
                            "k": "followers_url",
                            "v": "https://api.github.com/users/cu-ecen-aeld/followers"
                          },
                          {
                            "k": "following_url",
                            "v": "https://api.github.com/users/cu-ecen-aeld/following{/other_user}"
                          },
                          {
                            "k": "gists_url",
                            "v": "https://api.github.com/users/cu-ecen-aeld/gists{/gist_id}"
                          },
                          {
                            "k": "gravatar_id",
                            "v": ""
                          },
                          {
                            "k": "html_url",
                            "v": "https://github.com/cu-ecen-aeld"
                          },
                          {
                            "k": "id",
                            "v": 49594950.0
                          },
                          {
                            "k": "login",
                            "v": "cu-ecen-aeld"
                          },
                          {
                            "k": "name",
                            "v": "cu-ecen-aeld"
                          },
                          {
                            "k": "node_id",
                            "v": "MDEyOk9yZ2FuaXphdGlvbjQ5NTk0OTUw"
                          },
                          {
                            "k": "organizations_url",
                            "v": "https://api.github.com/users/cu-ecen-aeld/orgs"
                          },
                          {
                            "k": "received_events_url",
                            "v": "https://api.github.com/users/cu-ecen-aeld/received_events"
                          },
                          {
                            "k": "repos_url",
                            "v": "https://api.github.com/users/cu-ecen-aeld/repos"
                          },
                          {
                            "k": "site_admin",
                            "v": false
                          },
                          {
                            "k": "starred_url",
                            "v": "https://api.github.com/users/cu-ecen-aeld/starred{/owner}{/repo}"
                          },
                          {
                            "k": "subscriptions_url",
                            "v": "https://api.github.com/users/cu-ecen-aeld/subscriptions"
                          },
                          {
                            "k": "type",
                            "v": "Organization"
                          },
                          {
                            "k": "url",
                            "v": "https://api.github.com/users/cu-ecen-aeld"
                          },
                          {
                            "k": "user_view_type",
                            "v": "public"
                          }
                        ]
                      }
                    },
                    {
                      "k": "private",
                      "v": false
                    },
                    {
                      "k": "pulls_url",
                      "v": "https://api.github.com/repos/cu-ecen-aeld/assignment-1-cdyjcbs/pulls{/number}"
                    },
                    {
                      "k": "pushed_at",
                      "v": 1735365543.0
                    },
                    {
                      "k": "releases_url",
                      "v": "https://api.github.com/repos/cu-ecen-aeld/assignment-1-cdyjcbs/releases{/id}"
                    },
                    {
                      "k": "size",
                      "v": 29.0
                    },
                    {
                      "k": "ssh_url",
                      "v": "git@github.com:cu-ecen-aeld/assignment-1-cdyjcbs.git"
                    },
                    {
                      "k": "stargazers",
                      "v": 0.0
                    },
                    {
                      "k": "stargazers_count",
                      "v": 0.0
                    },
                    {
                      "k": "stargazers_url",
                      "v": "https://api.github.com/repos/cu-ecen-aeld/assignment-1-cdyjcbs/stargazers"
                    },
                    {
                      "k": "statuses_url",
                      "v": "https://api.github.com/repos/cu-ecen-aeld/assignment-1-cdyjcbs/statuses/{sha}"
                    },
                    {
                      "k": "subscribers_url",
                      "v": "https://api.github.com/repos/cu-ecen-aeld/assignment-1-cdyjcbs/subscribers"
                    },
                    {
                      "k": "subscription_url",
                      "v": "https://api.github.com/repos/cu-ecen-aeld/assignment-1-cdyjcbs/subscription"
                    },
                    {
                      "k": "svn_url",
                      "v": "https://github.com/cu-ecen-aeld/assignment-1-cdyjcbs"
                    },
                    {
                      "k": "tags_url",
                      "v": "https://api.github.com/repos/cu-ecen-aeld/assignment-1-cdyjcbs/tags"
                    },
                    {
                      "k": "teams_url",
                      "v": "https://api.github.com/repos/cu-ecen-aeld/assignment-1-cdyjcbs/teams"
                    },
                    {
                      "k": "topics",
                      "v": {
                        "t": 1
                      }
                    },
                    {
                      "k": "trees_url",
                      "v": "https://api.github.com/repos/cu-ecen-aeld/assignment-1-cdyjcbs/git/trees{/sha}"
                    },
                    {
                      "k": "updated_at",
                      "v": "2024-07-15T21:33:31Z"
                    },
                    {
                      "k": "url",
                      "v": "https://github.com/cu-ecen-aeld/assignment-1-cdyjcbs"
                    },
                    {
                      "k": "visibility",
                      "v": "public"
                    },
                    {
                      "k": "watchers",
                      "v": 0.0
                    },
                    {
                      "k": "watchers_count",
                      "v": 0.0
                    },
                    {
                      "k": "web_commit_signoff_required",
                      "v": false
                    }
                  ]
                }
              },
              {
                "k": "sender",
                "v": {
                  "t": 2,
                  "d": [
                    {
                      "k": "avatar_url",
                      "v": "https://avatars.githubusercontent.com/u/173296637?v=4"
                    },
                    {
                      "k": "events_url",
                      "v": "https://api.github.com/users/cdyjcbs/events{/privacy}"
                    },
                    {
                      "k": "followers_url",
                      "v": "https://api.github.com/users/cdyjcbs/followers"
                    },
                    {
                      "k": "following_url",
                      "v": "https://api.github.com/users/cdyjcbs/following{/other_user}"
                    },
                    {
                      "k": "gists_url",
                      "v": "https://api.github.com/users/cdyjcbs/gists{/gist_id}"
                    },
                    {
                      "k": "gravatar_id",
                      "v": ""
                    },
                    {
                      "k": "html_url",
                      "v": "https://github.com/cdyjcbs"
                    },
                    {
                      "k": "id",
                      "v": 173296637.0
                    },
                    {
                      "k": "login",
                      "v": "cdyjcbs"
                    },
                    {
                      "k": "node_id",
                      "v": "U_kgDOClRL_Q"
                    },
                    {
                      "k": "organizations_url",
                      "v": "https://api.github.com/users/cdyjcbs/orgs"
                    },
                    {
                      "k": "received_events_url",
                      "v": "https://api.github.com/users/cdyjcbs/received_events"
                    },
                    {
                      "k": "repos_url",
                      "v": "https://api.github.com/users/cdyjcbs/repos"
                    },
                    {
                      "k": "site_admin",
                      "v": false
                    },
                    {
                      "k": "starred_url",
                      "v": "https://api.github.com/users/cdyjcbs/starred{/owner}{/repo}"
                    },
                    {
                      "k": "subscriptions_url",
                      "v": "https://api.github.com/users/cdyjcbs/subscriptions"
                    },
                    {
                      "k": "type",
                      "v": "User"
                    },
                    {
                      "k": "url",
                      "v": "https://api.github.com/users/cdyjcbs"
                    },
                    {
                      "k": "user_view_type",
                      "v": "public"
                    }
                  ]
                }
              }
            ]
          }
        },
        {
          "k": "server_url",
          "v": "https://github.com"
        },
        {
          "k": "api_url",
          "v": "https://api.github.com"
        },
        {
          "k": "graphql_url",
          "v": "https://api.github.com/graphql"
        },
        {
          "k": "ref_name",
          "v": "main"
        },
        {
          "k": "ref_protected",
          "v": false
        },
        {
          "k": "ref_type",
          "v": "branch"
        },
        {
          "k": "secret_source",
          "v": "Actions"
        },
        {
          "k": "workflow_ref",
          "v": "cu-ecen-aeld/assignment-1-cdyjcbs/.github/workflows/github-actions.yml@refs/heads/main"
        },
        {
          "k": "workflow_sha",
          "v": "2765d9f8d5cad8c8339d67df3c0c506bb0a3b26d"
        }
      ]
    },
    "run-feature-flags": {
      "t": 2,
      "d": [
        {
          "k": "actions_stream_logs_via_results_service",
          "v": true
        },
        {
          "k": "actions_use_results_service",
          "v": true
        },
        {
          "k": "actions_uses_cache_service_v2",
          "v": false
        },
        {
          "k": "block_artifacts_v3_exempted",
          "v": false
        },
        {
          "k": "larger_runners_custom_image_generation",
          "v": false
        }
      ]
    },
    "partialrerun": false,
    "needs": {
      "t": 2
    },
    "vars": null,
    "inputs": {
      "t": 2
    },
    "matrix": null,
    "strategy": {
      "t": 2,
      "d": [
        {
          "k": "fail-fast",
          "v": true
        },
        {
          "k": "job-index",
          "v": 0.0
        },
        {
          "k": "job-total",
          "v": 1.0
        },
        {
          "k": "max-parallel",
          "v": 1.0
        }
      ]
    },
    "EndpointsOverride": null
  }
}
[2024-12-28 18:09:17Z INFO JobRunner] Job ID 0e10f8dd-85b5-5bee-19c6-47fc7db6f171
[2024-12-28 18:09:17Z INFO ConfigurationStore] currentAssemblyLocation: /home/cljacbs2/Documents/ECEA 5305/assignment-1-cdyjcbs/actions-runner/bin/Runner.Worker.dll
[2024-12-28 18:09:17Z INFO HostContext] Well known directory 'Bin': '/home/cljacbs2/Documents/ECEA 5305/assignment-1-cdyjcbs/actions-runner/bin'
[2024-12-28 18:09:17Z INFO ConfigurationStore] binPath: /home/cljacbs2/Documents/ECEA 5305/assignment-1-cdyjcbs/actions-runner/bin
[2024-12-28 18:09:17Z INFO HostContext] Well known directory 'Bin': '/home/cljacbs2/Documents/ECEA 5305/assignment-1-cdyjcbs/actions-runner/bin'
[2024-12-28 18:09:17Z INFO HostContext] Well known directory 'Root': '/home/cljacbs2/Documents/ECEA 5305/assignment-1-cdyjcbs/actions-runner'
[2024-12-28 18:09:17Z INFO ConfigurationStore] RootFolder: /home/cljacbs2/Documents/ECEA 5305/assignment-1-cdyjcbs/actions-runner
[2024-12-28 18:09:17Z INFO HostContext] Well known directory 'Bin': '/home/cljacbs2/Documents/ECEA 5305/assignment-1-cdyjcbs/actions-runner/bin'
[2024-12-28 18:09:17Z INFO HostContext] Well known directory 'Root': '/home/cljacbs2/Documents/ECEA 5305/assignment-1-cdyjcbs/actions-runner'
[2024-12-28 18:09:17Z INFO HostContext] Well known config file 'Runner': '/home/cljacbs2/Documents/ECEA 5305/assignment-1-cdyjcbs/actions-runner/.runner'
[2024-12-28 18:09:17Z INFO ConfigurationStore] ConfigFilePath: /home/cljacbs2/Documents/ECEA 5305/assignment-1-cdyjcbs/actions-runner/.runner
[2024-12-28 18:09:17Z INFO HostContext] Well known directory 'Bin': '/home/cljacbs2/Documents/ECEA 5305/assignment-1-cdyjcbs/actions-runner/bin'
[2024-12-28 18:09:17Z INFO HostContext] Well known directory 'Root': '/home/cljacbs2/Documents/ECEA 5305/assignment-1-cdyjcbs/actions-runner'
[2024-12-28 18:09:17Z INFO HostContext] Well known config file 'Credentials': '/home/cljacbs2/Documents/ECEA 5305/assignment-1-cdyjcbs/actions-runner/.credentials'
[2024-12-28 18:09:17Z INFO ConfigurationStore] CredFilePath: /home/cljacbs2/Documents/ECEA 5305/assignment-1-cdyjcbs/actions-runner/.credentials
[2024-12-28 18:09:17Z INFO HostContext] Well known directory 'Bin': '/home/cljacbs2/Documents/ECEA 5305/assignment-1-cdyjcbs/actions-runner/bin'
[2024-12-28 18:09:17Z INFO HostContext] Well known directory 'Root': '/home/cljacbs2/Documents/ECEA 5305/assignment-1-cdyjcbs/actions-runner'
[2024-12-28 18:09:17Z INFO HostContext] Well known config file 'MigratedCredentials': '/home/cljacbs2/Documents/ECEA 5305/assignment-1-cdyjcbs/actions-runner/.credentials_migrated'
[2024-12-28 18:09:17Z INFO ConfigurationStore] MigratedCredFilePath: /home/cljacbs2/Documents/ECEA 5305/assignment-1-cdyjcbs/actions-runner/.credentials_migrated
[2024-12-28 18:09:17Z INFO HostContext] Well known directory 'Bin': '/home/cljacbs2/Documents/ECEA 5305/assignment-1-cdyjcbs/actions-runner/bin'
[2024-12-28 18:09:17Z INFO HostContext] Well known directory 'Root': '/home/cljacbs2/Documents/ECEA 5305/assignment-1-cdyjcbs/actions-runner'
[2024-12-28 18:09:17Z INFO HostContext] Well known config file 'Service': '/home/cljacbs2/Documents/ECEA 5305/assignment-1-cdyjcbs/actions-runner/.service'
[2024-12-28 18:09:17Z INFO ConfigurationStore] ServiceConfigFilePath: /home/cljacbs2/Documents/ECEA 5305/assignment-1-cdyjcbs/actions-runner/.service
[2024-12-28 18:09:17Z INFO ConfigurationStore] Read setting file: 306 chars
[2024-12-28 18:09:17Z INFO JobRunner] Creating job server with URL: https://pipelinesghubeus4.actions.githubusercontent.com/wjTrNgufNqyb5OuyEvu9bCpRbmBUezurSrBJVZgZTLsLNvo0DA/
[2024-12-28 18:09:17Z INFO GitHubActionsService] Starting operation Location.GetConnectionData
[2024-12-28 18:09:17Z INFO Worker] Listening for cancel message from the channel.
[2024-12-28 18:09:17Z INFO Worker] Waiting for the job to complete or for a cancel message from the channel.
[2024-12-28 18:09:18Z INFO GitHubActionsService] Finished operation Location.GetConnectionData
[2024-12-28 18:09:18Z INFO JobServer] Creating websocket client ...wss://results-receiver.actions.githubusercontent.com/_ws/ingest.sock
[2024-12-28 18:09:18Z INFO JobServer] Attempting to start websocket client with delay 00:00:00.
[2024-12-28 18:09:18Z INFO JobServerQueue] Initializing results client
[2024-12-28 18:09:18Z INFO JobServerQueue] Start process web console line queue.
[2024-12-28 18:09:18Z INFO JobServerQueue] Start process file upload queue.
[2024-12-28 18:09:18Z INFO JobServerQueue] Start results file upload queue.
[2024-12-28 18:09:18Z INFO JobServerQueue] Starting results-based upload queue...
[2024-12-28 18:09:18Z INFO JobServerQueue] Start process timeline update queue.
[2024-12-28 18:09:18Z INFO ExecutionContext] Initialize GitHub context
[2024-12-28 18:09:18Z INFO ExecutionContext] Initialize Env context
[2024-12-28 18:09:18Z INFO HostContext] Well known directory 'Bin': '/home/cljacbs2/Documents/ECEA 5305/assignment-1-cdyjcbs/actions-runner/bin'
[2024-12-28 18:09:18Z INFO HostContext] Well known directory 'Root': '/home/cljacbs2/Documents/ECEA 5305/assignment-1-cdyjcbs/actions-runner'
[2024-12-28 18:09:18Z INFO HostContext] Well known directory 'Diag': '/home/cljacbs2/Documents/ECEA 5305/assignment-1-cdyjcbs/actions-runner/_diag'
[2024-12-28 18:09:18Z INFO HostContext] Well known directory 'Bin': '/home/cljacbs2/Documents/ECEA 5305/assignment-1-cdyjcbs/actions-runner/bin'
[2024-12-28 18:09:18Z INFO HostContext] Well known directory 'Root': '/home/cljacbs2/Documents/ECEA 5305/assignment-1-cdyjcbs/actions-runner'
[2024-12-28 18:09:18Z INFO HostContext] Well known directory 'Diag': '/home/cljacbs2/Documents/ECEA 5305/assignment-1-cdyjcbs/actions-runner/_diag'
[2024-12-28 18:09:18Z INFO JobRunner] Starting the job execution context.
[2024-12-28 18:09:18Z INFO HostContext] Well known directory 'Bin': '/home/cljacbs2/Documents/ECEA 5305/assignment-1-cdyjcbs/actions-runner/bin'
[2024-12-28 18:09:18Z INFO HostContext] Well known directory 'Root': '/home/cljacbs2/Documents/ECEA 5305/assignment-1-cdyjcbs/actions-runner'
[2024-12-28 18:09:18Z INFO HostContext] Well known directory 'Work': '/home/cljacbs2/Documents/ECEA 5305/assignment-1-cdyjcbs/actions-runner/_work'
[2024-12-28 18:09:18Z INFO JobRunner] Validating directory permissions for: '/home/cljacbs2/Documents/ECEA 5305/assignment-1-cdyjcbs/actions-runner/_work'
[2024-12-28 18:09:18Z INFO HostContext] Well known directory 'Bin': '/home/cljacbs2/Documents/ECEA 5305/assignment-1-cdyjcbs/actions-runner/bin'
[2024-12-28 18:09:18Z INFO HostContext] Well known directory 'Root': '/home/cljacbs2/Documents/ECEA 5305/assignment-1-cdyjcbs/actions-runner'
[2024-12-28 18:09:18Z INFO HostContext] Well known directory 'Work': '/home/cljacbs2/Documents/ECEA 5305/assignment-1-cdyjcbs/actions-runner/_work'
[2024-12-28 18:09:18Z INFO HostContext] Well known directory 'Tools': '/home/cljacbs2/Documents/ECEA 5305/assignment-1-cdyjcbs/actions-runner/_work/_tool'
[2024-12-28 18:09:18Z INFO HostContext] Well known directory 'Bin': '/home/cljacbs2/Documents/ECEA 5305/assignment-1-cdyjcbs/actions-runner/bin'
[2024-12-28 18:09:18Z INFO HostContext] Well known directory 'Root': '/home/cljacbs2/Documents/ECEA 5305/assignment-1-cdyjcbs/actions-runner'
[2024-12-28 18:09:18Z INFO HostContext] Well known directory 'Work': '/home/cljacbs2/Documents/ECEA 5305/assignment-1-cdyjcbs/actions-runner/_work'
[2024-12-28 18:09:18Z INFO HostContext] Well known directory 'Temp': '/home/cljacbs2/Documents/ECEA 5305/assignment-1-cdyjcbs/actions-runner/_work/_temp'
[2024-12-28 18:09:18Z INFO JobRunner] Getting job extension.
[2024-12-28 18:09:18Z INFO JobRunner] Initialize job. Getting all job steps.
[2024-12-28 18:09:18Z INFO HostContext] Well known directory 'Bin': '/home/cljacbs2/Documents/ECEA 5305/assignment-1-cdyjcbs/actions-runner/bin'
[2024-12-28 18:09:18Z INFO HostContext] Well known directory 'Root': '/home/cljacbs2/Documents/ECEA 5305/assignment-1-cdyjcbs/actions-runner'
[2024-12-28 18:09:18Z INFO HostContext] Well known directory 'Diag': '/home/cljacbs2/Documents/ECEA 5305/assignment-1-cdyjcbs/actions-runner/_diag'
[2024-12-28 18:09:18Z INFO HostContext] Well known directory 'Bin': '/home/cljacbs2/Documents/ECEA 5305/assignment-1-cdyjcbs/actions-runner/bin'
[2024-12-28 18:09:18Z INFO HostContext] Well known directory 'Root': '/home/cljacbs2/Documents/ECEA 5305/assignment-1-cdyjcbs/actions-runner'
[2024-12-28 18:09:18Z INFO HostContext] Well known directory 'Diag': '/home/cljacbs2/Documents/ECEA 5305/assignment-1-cdyjcbs/actions-runner/_diag'
[2024-12-28 18:09:18Z INFO HostContext] Well known directory 'Bin': '/home/cljacbs2/Documents/ECEA 5305/assignment-1-cdyjcbs/actions-runner/bin'
[2024-12-28 18:09:18Z INFO HostContext] Well known directory 'Root': '/home/cljacbs2/Documents/ECEA 5305/assignment-1-cdyjcbs/actions-runner'
[2024-12-28 18:09:18Z INFO HostContext] Well known config file 'Credentials': '/home/cljacbs2/Documents/ECEA 5305/assignment-1-cdyjcbs/actions-runner/.credentials'
[2024-12-28 18:09:18Z INFO HostContext] Well known directory 'Bin': '/home/cljacbs2/Documents/ECEA 5305/assignment-1-cdyjcbs/actions-runner/bin'
[2024-12-28 18:09:18Z INFO HostContext] Well known directory 'Root': '/home/cljacbs2/Documents/ECEA 5305/assignment-1-cdyjcbs/actions-runner'
[2024-12-28 18:09:18Z INFO HostContext] Well known config file 'SetupInfo': '/home/cljacbs2/Documents/ECEA 5305/assignment-1-cdyjcbs/actions-runner/.setup_info'
[2024-12-28 18:09:18Z INFO HostContext] Well known directory 'Bin': '/home/cljacbs2/Documents/ECEA 5305/assignment-1-cdyjcbs/actions-runner/bin'
[2024-12-28 18:09:18Z INFO HostContext] Well known directory 'Root': '/home/cljacbs2/Documents/ECEA 5305/assignment-1-cdyjcbs/actions-runner'
[2024-12-28 18:09:18Z INFO HostContext] Well known directory 'Work': '/home/cljacbs2/Documents/ECEA 5305/assignment-1-cdyjcbs/actions-runner/_work'
[2024-12-28 18:09:18Z INFO PipelineDirectoryManager] Loading tracking config if exists: /home/cljacbs2/Documents/ECEA 5305/assignment-1-cdyjcbs/actions-runner/_work/_PipelineMapping/cu-ecen-aeld/assignment-1-cdyjcbs/PipelineFolder.json
[2024-12-28 18:09:18Z INFO PipelineDirectoryManager] Creating a new tracking config file.
[2024-12-28 18:09:18Z INFO HostContext] Well known directory 'Bin': '/home/cljacbs2/Documents/ECEA 5305/assignment-1-cdyjcbs/actions-runner/bin'
[2024-12-28 18:09:18Z INFO HostContext] Well known directory 'Root': '/home/cljacbs2/Documents/ECEA 5305/assignment-1-cdyjcbs/actions-runner'
[2024-12-28 18:09:18Z INFO HostContext] Well known directory 'Work': '/home/cljacbs2/Documents/ECEA 5305/assignment-1-cdyjcbs/actions-runner/_work'
[2024-12-28 18:09:18Z INFO PipelineDirectoryManager] Creating pipeline directory.
[2024-12-28 18:09:18Z INFO HostContext] Well known directory 'Bin': '/home/cljacbs2/Documents/ECEA 5305/assignment-1-cdyjcbs/actions-runner/bin'
[2024-12-28 18:09:18Z INFO HostContext] Well known directory 'Root': '/home/cljacbs2/Documents/ECEA 5305/assignment-1-cdyjcbs/actions-runner'
[2024-12-28 18:09:18Z INFO HostContext] Well known directory 'Work': '/home/cljacbs2/Documents/ECEA 5305/assignment-1-cdyjcbs/actions-runner/_work'
[2024-12-28 18:09:18Z INFO PipelineDirectoryManager] Creating workspace directory.
[2024-12-28 18:09:18Z INFO HostContext] Well known directory 'Bin': '/home/cljacbs2/Documents/ECEA 5305/assignment-1-cdyjcbs/actions-runner/bin'
[2024-12-28 18:09:18Z INFO HostContext] Well known directory 'Root': '/home/cljacbs2/Documents/ECEA 5305/assignment-1-cdyjcbs/actions-runner'
[2024-12-28 18:09:18Z INFO HostContext] Well known directory 'Work': '/home/cljacbs2/Documents/ECEA 5305/assignment-1-cdyjcbs/actions-runner/_work'
[2024-12-28 18:09:18Z INFO HostContext] Well known directory 'Bin': '/home/cljacbs2/Documents/ECEA 5305/assignment-1-cdyjcbs/actions-runner/bin'
[2024-12-28 18:09:18Z INFO HostContext] Well known directory 'Root': '/home/cljacbs2/Documents/ECEA 5305/assignment-1-cdyjcbs/actions-runner'
[2024-12-28 18:09:18Z INFO HostContext] Well known directory 'Work': '/home/cljacbs2/Documents/ECEA 5305/assignment-1-cdyjcbs/actions-runner/_work'
[2024-12-28 18:09:18Z INFO HostContext] Well known directory 'Bin': '/home/cljacbs2/Documents/ECEA 5305/assignment-1-cdyjcbs/actions-runner/bin'
[2024-12-28 18:09:18Z INFO HostContext] Well known directory 'Root': '/home/cljacbs2/Documents/ECEA 5305/assignment-1-cdyjcbs/actions-runner'
[2024-12-28 18:09:18Z INFO HostContext] Well known directory 'Work': '/home/cljacbs2/Documents/ECEA 5305/assignment-1-cdyjcbs/actions-runner/_work'
[2024-12-28 18:09:18Z INFO HostContext] Well known directory 'Tools': '/home/cljacbs2/Documents/ECEA 5305/assignment-1-cdyjcbs/actions-runner/_work/_tool'
[2024-12-28 18:09:18Z INFO HostContext] Well known directory 'Bin': '/home/cljacbs2/Documents/ECEA 5305/assignment-1-cdyjcbs/actions-runner/bin'
[2024-12-28 18:09:18Z INFO HostContext] Well known directory 'Root': '/home/cljacbs2/Documents/ECEA 5305/assignment-1-cdyjcbs/actions-runner'
[2024-12-28 18:09:18Z INFO HostContext] Well known directory 'Externals': '/home/cljacbs2/Documents/ECEA 5305/assignment-1-cdyjcbs/actions-runner/externals'
[2024-12-28 18:09:18Z INFO JobExtension] Downloading actions
[2024-12-28 18:09:18Z INFO HostContext] Well known directory 'Bin': '/home/cljacbs2/Documents/ECEA 5305/assignment-1-cdyjcbs/actions-runner/bin'
[2024-12-28 18:09:18Z INFO HostContext] Well known directory 'Root': '/home/cljacbs2/Documents/ECEA 5305/assignment-1-cdyjcbs/actions-runner'
[2024-12-28 18:09:18Z INFO HostContext] Well known directory 'Work': '/home/cljacbs2/Documents/ECEA 5305/assignment-1-cdyjcbs/actions-runner/_work'
[2024-12-28 18:09:18Z INFO HostContext] Well known directory 'Actions': '/home/cljacbs2/Documents/ECEA 5305/assignment-1-cdyjcbs/actions-runner/_work/_actions'
[2024-12-28 18:09:18Z INFO JobServer] Successfully started websocket client.
[2024-12-28 18:09:18Z INFO JobServerQueue] Try to append 1 batches web console lines for record 'c526dbfc-b5b9-4dc7-b9a4-8675be557fc5', success rate: 1/1.
[2024-12-28 18:09:18Z INFO HostContext] Well known directory 'Bin': '/home/cljacbs2/Documents/ECEA 5305/assignment-1-cdyjcbs/actions-runner/bin'
[2024-12-28 18:09:18Z INFO HostContext] Well known directory 'Root': '/home/cljacbs2/Documents/ECEA 5305/assignment-1-cdyjcbs/actions-runner'
[2024-12-28 18:09:18Z INFO HostContext] Well known directory 'Work': '/home/cljacbs2/Documents/ECEA 5305/assignment-1-cdyjcbs/actions-runner/_work'
[2024-12-28 18:09:18Z INFO HostContext] Well known directory 'Actions': '/home/cljacbs2/Documents/ECEA 5305/assignment-1-cdyjcbs/actions-runner/_work/_actions'
[2024-12-28 18:09:18Z INFO HostContext] Well known directory 'Bin': '/home/cljacbs2/Documents/ECEA 5305/assignment-1-cdyjcbs/actions-runner/bin'
[2024-12-28 18:09:18Z INFO HostContext] Well known directory 'Root': '/home/cljacbs2/Documents/ECEA 5305/assignment-1-cdyjcbs/actions-runner'
[2024-12-28 18:09:18Z INFO HostContext] Well known directory 'Work': '/home/cljacbs2/Documents/ECEA 5305/assignment-1-cdyjcbs/actions-runner/_work'
[2024-12-28 18:09:18Z INFO HostContext] Well known directory 'Actions': '/home/cljacbs2/Documents/ECEA 5305/assignment-1-cdyjcbs/actions-runner/_work/_actions'
[2024-12-28 18:09:18Z INFO ActionManager] Save archive 'https://api.github.com/repos/actions/checkout/tarball/ee0669bd1cc54295c223e0bb666b733df41de1c5' into /home/cljacbs2/Documents/ECEA 5305/assignment-1-cdyjcbs/actions-runner/_work/_actions/_temp_2c46fda0-3fb4-4201-983d-2711c1816f40/9f9db468-432b-4ae5-aa65-0961ce7e4499.tar.gz.
[2024-12-28 18:09:18Z INFO JobServerQueue] Try to append 1 batches web console lines for record 'c526dbfc-b5b9-4dc7-b9a4-8675be557fc5', success rate: 1/1.
[2024-12-28 18:09:18Z INFO JobServerQueue] Job timeline record has been updated for the first time.
[2024-12-28 18:09:19Z INFO ActionManager] Request URL: https://api.github.com/repos/actions/checkout/tarball/ee0669bd1cc54295c223e0bb666b733df41de1c5 X-GitHub-Request-Id: CF48:1CD524:655265:98C72D:67703ECE Http Status: OK
[2024-12-28 18:09:19Z INFO ActionManager] Which2: 'tar'
[2024-12-28 18:09:19Z INFO ActionManager] Location: '/usr/bin/tar'
[2024-12-28 18:09:19Z INFO ProcessInvokerWrapper] Starting process:
[2024-12-28 18:09:19Z INFO ProcessInvokerWrapper]   File name: '/usr/bin/tar'
[2024-12-28 18:09:19Z INFO ProcessInvokerWrapper]   Arguments: '-xzf "/home/cljacbs2/Documents/ECEA 5305/assignment-1-cdyjcbs/actions-runner/_work/_actions/_temp_2c46fda0-3fb4-4201-983d-2711c1816f40/9f9db468-432b-4ae5-aa65-0961ce7e4499.tar.gz"'
[2024-12-28 18:09:19Z INFO ProcessInvokerWrapper]   Working directory: '/home/cljacbs2/Documents/ECEA 5305/assignment-1-cdyjcbs/actions-runner/_work/_actions/_temp_2c46fda0-3fb4-4201-983d-2711c1816f40/_staging'
[2024-12-28 18:09:19Z INFO ProcessInvokerWrapper]   Require exit code zero: 'False'
[2024-12-28 18:09:19Z INFO ProcessInvokerWrapper]   Encoding web name:  ; code page: ''
[2024-12-28 18:09:19Z INFO ProcessInvokerWrapper]   Force kill process on cancellation: 'False'
[2024-12-28 18:09:19Z INFO ProcessInvokerWrapper]   Redirected STDIN: 'False'
[2024-12-28 18:09:19Z INFO ProcessInvokerWrapper]   Persist current code page: 'False'
[2024-12-28 18:09:19Z INFO ProcessInvokerWrapper]   Keep redirected STDIN open: 'False'
[2024-12-28 18:09:19Z INFO ProcessInvokerWrapper]   High priority process: 'False'
[2024-12-28 18:09:19Z INFO ProcessInvokerWrapper] Updated oom_score_adj to 500 for PID: 4448.
[2024-12-28 18:09:19Z INFO ProcessInvokerWrapper] Process started with process id 4448, waiting for process exit.
[2024-12-28 18:09:19Z INFO ProcessInvokerWrapper] STDOUT/STDERR stream read finished.
[2024-12-28 18:09:19Z INFO ProcessInvokerWrapper] STDOUT/STDERR stream read finished.
[2024-12-28 18:09:19Z INFO ProcessInvokerWrapper] Finished process 4448 with exit code 0, and elapsed time 00:00:00.0299656.
[2024-12-28 18:09:19Z INFO ActionManager] Finished getting action repository.
[2024-12-28 18:09:19Z INFO HostContext] Well known directory 'Bin': '/home/cljacbs2/Documents/ECEA 5305/assignment-1-cdyjcbs/actions-runner/bin'
[2024-12-28 18:09:19Z INFO HostContext] Well known directory 'Root': '/home/cljacbs2/Documents/ECEA 5305/assignment-1-cdyjcbs/actions-runner'
[2024-12-28 18:09:19Z INFO HostContext] Well known directory 'Work': '/home/cljacbs2/Documents/ECEA 5305/assignment-1-cdyjcbs/actions-runner/_work'
[2024-12-28 18:09:19Z INFO HostContext] Well known directory 'Actions': '/home/cljacbs2/Documents/ECEA 5305/assignment-1-cdyjcbs/actions-runner/_work/_actions'
[2024-12-28 18:09:19Z INFO ActionManifestManager] Load schema file with definitions: [
  "null",
  "boolean",
  "number",
  "string",
  "sequence",
  "mapping",
  "any",
  "action-root",
  "inputs",
  "input",
  "outputs",
  "output-definition",
  "runs",
  "container-runs",
  "container-runs-args",
  "container-runs-env",
  "node-runs",
  "plugin-runs",
  "composite-runs",
  "composite-steps",
  "composite-step",
  "run-step",
  "uses-step",
  "container-runs-context",
  "output-value",
  "input-default-context",
  "non-empty-string",
  "string-steps-context",
  "boolean-steps-context",
  "step-env",
  "step-if",
  "step-with"
]
[2024-12-28 18:09:19Z INFO HostContext] Well known directory 'Bin': '/home/cljacbs2/Documents/ECEA 5305/assignment-1-cdyjcbs/actions-runner/bin'
[2024-12-28 18:09:19Z INFO HostContext] Well known directory 'Root': '/home/cljacbs2/Documents/ECEA 5305/assignment-1-cdyjcbs/actions-runner'
[2024-12-28 18:09:19Z INFO HostContext] Well known directory 'Work': '/home/cljacbs2/Documents/ECEA 5305/assignment-1-cdyjcbs/actions-runner/_work'
[2024-12-28 18:09:19Z INFO HostContext] Well known directory 'Actions': '/home/cljacbs2/Documents/ECEA 5305/assignment-1-cdyjcbs/actions-runner/_work/_actions'
[2024-12-28 18:09:19Z INFO ActionManifestManager] Loaded action.yml file: {
  "name": "Checkout",
  "description": "Checkout a Git repository at a particular version",
  "inputs": {
    "type": 2,
    "map": [
      {
        "key": {
          "type": 0,
          "file": 2,
          "line": 4,
          "col": 3,
          "lit": "repository"
        },
        "value": {
          "type": 3,
          "file": 2,
          "line": 6,
          "col": 14,
          "expr": "github.repository"
        }
      },
      {
        "key": {
          "type": 0,
          "file": 2,
          "line": 7,
          "col": 3,
          "lit": "ref"
        },
        "value": ""
      },
      {
        "key": {
          "type": 0,
          "file": 2,
          "line": 12,
          "col": 3,
          "lit": "token"
        },
        "value": {
          "type": 3,
          "file": 2,
          "line": 24,
          "col": 14,
          "expr": "github.token"
        }
      },
      {
        "key": {
          "type": 0,
          "file": 2,
          "line": 25,
          "col": 3,
          "lit": "ssh-key"
        },
        "value": ""
      },
      {
        "key": {
          "type": 0,
          "file": 2,
          "line": 37,
          "col": 3,
          "lit": "ssh-known-hosts"
        },
        "value": ""
      },
      {
        "key": {
          "type": 0,
          "file": 2,
          "line": 42,
          "col": 3,
          "lit": "ssh-strict"
        },
        "value": {
          "type": 0,
          "file": 2,
          "line": 47,
          "col": 14,
          "lit": "true"
        }
      },
      {
        "key": {
          "type": 0,
          "file": 2,
          "line": 48,
          "col": 3,
          "lit": "persist-credentials"
        },
        "value": {
          "type": 0,
          "file": 2,
          "line": 50,
          "col": 14,
          "lit": "true"
        }
      },
      {
        "key": {
          "type": 0,
          "file": 2,
          "line": 51,
          "col": 3,
          "lit": "path"
        },
        "value": ""
      },
      {
        "key": {
          "type": 0,
          "file": 2,
          "line": 53,
          "col": 3,
          "lit": "clean"
        },
        "value": {
          "type": 0,
          "file": 2,
          "line": 55,
          "col": 14,
          "lit": "true"
        }
      },
      {
        "key": {
          "type": 0,
          "file": 2,
          "line": 56,
          "col": 3,
          "lit": "fetch-depth"
        },
        "value": {
          "type": 0,
          "file": 2,
          "line": 58,
          "col": 14,
          "lit": "1"
        }
      },
      {
        "key": {
          "type": 0,
          "file": 2,
          "line": 59,
          "col": 3,
          "lit": "lfs"
        },
        "value": {
          "type": 0,
          "file": 2,
          "line": 61,
          "col": 14,
          "lit": "false"
        }
      },
      {
        "key": {
          "type": 0,
          "file": 2,
          "line": 62,
          "col": 3,
          "lit": "submodules"
        },
        "value": {
          "type": 0,
          "file": 2,
          "line": 70,
          "col": 14,
          "lit": "false"
        }
      },
      {
        "key": {
          "type": 0,
          "file": 2,
          "line": 71,
          "col": 3,
          "lit": "set-safe-directory"
        },
        "value": {
          "type": 0,
          "file": 2,
          "line": 73,
          "col": 14,
          "lit": "true"
        }
      }
    ]
  },
  "execution": {
    "executionType": "nodeJS",
    "hasPre": false,
    "hasPost": true,
    "script": "dist/index.js",
    "pre": null,
    "post": "dist/index.js",
    "nodeVersion": "node12",
    "cleanupCondition": "always()",
    "initCondition": "always()"
  },
  "deprecated": null
}
[2024-12-28 18:09:19Z INFO ActionManager] Action node.js file: dist/index.js, no more preparation.
[2024-12-28 18:09:19Z INFO HostContext] Well known directory 'Bin': '/home/cljacbs2/Documents/ECEA 5305/assignment-1-cdyjcbs/actions-runner/bin'
[2024-12-28 18:09:19Z INFO HostContext] Well known directory 'Root': '/home/cljacbs2/Documents/ECEA 5305/assignment-1-cdyjcbs/actions-runner'
[2024-12-28 18:09:19Z INFO HostContext] Well known directory 'Work': '/home/cljacbs2/Documents/ECEA 5305/assignment-1-cdyjcbs/actions-runner/_work'
[2024-12-28 18:09:19Z INFO HostContext] Well known directory 'Actions': '/home/cljacbs2/Documents/ECEA 5305/assignment-1-cdyjcbs/actions-runner/_work/_actions'
[2024-12-28 18:09:19Z INFO ActionManager] Load action that reference repository from '/home/cljacbs2/Documents/ECEA 5305/assignment-1-cdyjcbs/actions-runner/_work/_actions/actions/checkout/v2'
[2024-12-28 18:09:19Z INFO HostContext] Well known directory 'Bin': '/home/cljacbs2/Documents/ECEA 5305/assignment-1-cdyjcbs/actions-runner/bin'
[2024-12-28 18:09:19Z INFO HostContext] Well known directory 'Root': '/home/cljacbs2/Documents/ECEA 5305/assignment-1-cdyjcbs/actions-runner'
[2024-12-28 18:09:19Z INFO HostContext] Well known directory 'Work': '/home/cljacbs2/Documents/ECEA 5305/assignment-1-cdyjcbs/actions-runner/_work'
[2024-12-28 18:09:19Z INFO HostContext] Well known directory 'Actions': '/home/cljacbs2/Documents/ECEA 5305/assignment-1-cdyjcbs/actions-runner/_work/_actions'
[2024-12-28 18:09:19Z INFO ActionManifestManager] Loaded action.yml file: {
  "name": "Checkout",
  "description": "Checkout a Git repository at a particular version",
  "inputs": {
    "type": 2,
    "map": [
      {
        "key": {
          "type": 0,
          "file": 2,
          "line": 4,
          "col": 3,
          "lit": "repository"
        },
        "value": {
          "type": 3,
          "file": 2,
          "line": 6,
          "col": 14,
          "expr": "github.repository"
        }
      },
      {
        "key": {
          "type": 0,
          "file": 2,
          "line": 7,
          "col": 3,
          "lit": "ref"
        },
        "value": ""
      },
      {
        "key": {
          "type": 0,
          "file": 2,
          "line": 12,
          "col": 3,
          "lit": "token"
        },
        "value": {
          "type": 3,
          "file": 2,
          "line": 24,
          "col": 14,
          "expr": "github.token"
        }
      },
      {
        "key": {
          "type": 0,
          "file": 2,
          "line": 25,
          "col": 3,
          "lit": "ssh-key"
        },
        "value": ""
      },
      {
        "key": {
          "type": 0,
          "file": 2,
          "line": 37,
          "col": 3,
          "lit": "ssh-known-hosts"
        },
        "value": ""
      },
      {
        "key": {
          "type": 0,
          "file": 2,
          "line": 42,
          "col": 3,
          "lit": "ssh-strict"
        },
        "value": {
          "type": 0,
          "file": 2,
          "line": 47,
          "col": 14,
          "lit": "true"
        }
      },
      {
        "key": {
          "type": 0,
          "file": 2,
          "line": 48,
          "col": 3,
          "lit": "persist-credentials"
        },
        "value": {
          "type": 0,
          "file": 2,
          "line": 50,
          "col": 14,
          "lit": "true"
        }
      },
      {
        "key": {
          "type": 0,
          "file": 2,
          "line": 51,
          "col": 3,
          "lit": "path"
        },
        "value": ""
      },
      {
        "key": {
          "type": 0,
          "file": 2,
          "line": 53,
          "col": 3,
          "lit": "clean"
        },
        "value": {
          "type": 0,
          "file": 2,
          "line": 55,
          "col": 14,
          "lit": "true"
        }
      },
      {
        "key": {
          "type": 0,
          "file": 2,
          "line": 56,
          "col": 3,
          "lit": "fetch-depth"
        },
        "value": {
          "type": 0,
          "file": 2,
          "line": 58,
          "col": 14,
          "lit": "1"
        }
      },
      {
        "key": {
          "type": 0,
          "file": 2,
          "line": 59,
          "col": 3,
          "lit": "lfs"
        },
        "value": {
          "type": 0,
          "file": 2,
          "line": 61,
          "col": 14,
          "lit": "false"
        }
      },
      {
        "key": {
          "type": 0,
          "file": 2,
          "line": 62,
          "col": 3,
          "lit": "submodules"
        },
        "value": {
          "type": 0,
          "file": 2,
          "line": 70,
          "col": 14,
          "lit": "false"
        }
      },
      {
        "key": {
          "type": 0,
          "file": 2,
          "line": 71,
          "col": 3,
          "lit": "set-safe-directory"
        },
        "value": {
          "type": 0,
          "file": 2,
          "line": 73,
          "col": 14,
          "lit": "true"
        }
      }
    ]
  },
  "execution": {
    "executionType": "nodeJS",
    "hasPre": false,
    "hasPost": true,
    "script": "dist/index.js",
    "pre": null,
    "post": "dist/index.js",
    "nodeVersion": "node12",
    "cleanupCondition": "always()",
    "initCondition": "always()"
  },
  "deprecated": null
}
[2024-12-28 18:09:19Z INFO ActionManager] Action pre node.js file: N/A.
[2024-12-28 18:09:19Z INFO ActionManager] Action node.js file: dist/index.js.
[2024-12-28 18:09:19Z INFO ActionManager] Action post node.js file: dist/index.js.
[2024-12-28 18:09:19Z INFO DockerCommandManager] Which2: 'docker'
[2024-12-28 18:09:19Z INFO DockerCommandManager] Location: '/usr/bin/docker'
[2024-12-28 18:09:19Z INFO HostContext] Well known directory 'Bin': '/home/cljacbs2/Documents/ECEA 5305/assignment-1-cdyjcbs/actions-runner/bin'
[2024-12-28 18:09:19Z INFO HostContext] Well known directory 'Root': '/home/cljacbs2/Documents/ECEA 5305/assignment-1-cdyjcbs/actions-runner'
[2024-12-28 18:09:19Z INFO JobExtension] Adding .
[2024-12-28 18:09:19Z INFO JobExtension] Adding .
[2024-12-28 18:09:19Z INFO JobExtension] Adding .
[2024-12-28 18:09:19Z INFO HostContext] Well known directory 'Bin': '/home/cljacbs2/Documents/ECEA 5305/assignment-1-cdyjcbs/actions-runner/bin'
[2024-12-28 18:09:19Z INFO HostContext] Well known directory 'Root': '/home/cljacbs2/Documents/ECEA 5305/assignment-1-cdyjcbs/actions-runner'
[2024-12-28 18:09:19Z INFO HostContext] Well known directory 'Diag': '/home/cljacbs2/Documents/ECEA 5305/assignment-1-cdyjcbs/actions-runner/_diag'
[2024-12-28 18:09:19Z INFO HostContext] Well known directory 'Bin': '/home/cljacbs2/Documents/ECEA 5305/assignment-1-cdyjcbs/actions-runner/bin'
[2024-12-28 18:09:19Z INFO HostContext] Well known directory 'Root': '/home/cljacbs2/Documents/ECEA 5305/assignment-1-cdyjcbs/actions-runner'
[2024-12-28 18:09:19Z INFO HostContext] Well known directory 'Diag': '/home/cljacbs2/Documents/ECEA 5305/assignment-1-cdyjcbs/actions-runner/_diag'
[2024-12-28 18:09:19Z INFO HostContext] Well known directory 'Bin': '/home/cljacbs2/Documents/ECEA 5305/assignment-1-cdyjcbs/actions-runner/bin'
[2024-12-28 18:09:19Z INFO HostContext] Well known directory 'Root': '/home/cljacbs2/Documents/ECEA 5305/assignment-1-cdyjcbs/actions-runner'
[2024-12-28 18:09:19Z INFO HostContext] Well known directory 'Diag': '/home/cljacbs2/Documents/ECEA 5305/assignment-1-cdyjcbs/actions-runner/_diag'
[2024-12-28 18:09:19Z INFO HostContext] Well known directory 'Bin': '/home/cljacbs2/Documents/ECEA 5305/assignment-1-cdyjcbs/actions-runner/bin'
[2024-12-28 18:09:19Z INFO HostContext] Well known directory 'Root': '/home/cljacbs2/Documents/ECEA 5305/assignment-1-cdyjcbs/actions-runner'
[2024-12-28 18:09:19Z INFO HostContext] Well known directory 'Diag': '/home/cljacbs2/Documents/ECEA 5305/assignment-1-cdyjcbs/actions-runner/_diag'
[2024-12-28 18:09:19Z INFO HostContext] Well known directory 'Bin': '/home/cljacbs2/Documents/ECEA 5305/assignment-1-cdyjcbs/actions-runner/bin'
[2024-12-28 18:09:19Z INFO HostContext] Well known directory 'Root': '/home/cljacbs2/Documents/ECEA 5305/assignment-1-cdyjcbs/actions-runner'
[2024-12-28 18:09:19Z INFO HostContext] Well known directory 'Diag': '/home/cljacbs2/Documents/ECEA 5305/assignment-1-cdyjcbs/actions-runner/_diag'
[2024-12-28 18:09:19Z INFO HostContext] Well known directory 'Bin': '/home/cljacbs2/Documents/ECEA 5305/assignment-1-cdyjcbs/actions-runner/bin'
[2024-12-28 18:09:19Z INFO HostContext] Well known directory 'Root': '/home/cljacbs2/Documents/ECEA 5305/assignment-1-cdyjcbs/actions-runner'
[2024-12-28 18:09:19Z INFO HostContext] Well known directory 'Diag': '/home/cljacbs2/Documents/ECEA 5305/assignment-1-cdyjcbs/actions-runner/_diag'
[2024-12-28 18:09:19Z INFO HostContext] Well known directory 'Bin': '/home/cljacbs2/Documents/ECEA 5305/assignment-1-cdyjcbs/actions-runner/bin'
[2024-12-28 18:09:19Z INFO HostContext] Well known directory 'Root': '/home/cljacbs2/Documents/ECEA 5305/assignment-1-cdyjcbs/actions-runner'
[2024-12-28 18:09:19Z INFO HostContext] Well known directory 'Diag': '/home/cljacbs2/Documents/ECEA 5305/assignment-1-cdyjcbs/actions-runner/_diag'
[2024-12-28 18:09:19Z INFO HostContext] Well known directory 'Bin': '/home/cljacbs2/Documents/ECEA 5305/assignment-1-cdyjcbs/actions-runner/bin'
[2024-12-28 18:09:19Z INFO HostContext] Well known directory 'Root': '/home/cljacbs2/Documents/ECEA 5305/assignment-1-cdyjcbs/actions-runner'
[2024-12-28 18:09:19Z INFO HostContext] Well known directory 'Diag': '/home/cljacbs2/Documents/ECEA 5305/assignment-1-cdyjcbs/actions-runner/_diag'
[2024-12-28 18:09:19Z INFO JobExtension] Total accessible running process: 226.
[2024-12-28 18:09:19Z INFO HostContext] Well known directory 'Bin': '/home/cljacbs2/Documents/ECEA 5305/assignment-1-cdyjcbs/actions-runner/bin'
[2024-12-28 18:09:19Z INFO HostContext] Well known directory 'Root': '/home/cljacbs2/Documents/ECEA 5305/assignment-1-cdyjcbs/actions-runner'
[2024-12-28 18:09:19Z INFO HostContext] Well known directory 'Work': '/home/cljacbs2/Documents/ECEA 5305/assignment-1-cdyjcbs/actions-runner/_work'
[2024-12-28 18:09:19Z INFO JobExtension] Start checking server connectivity.
[2024-12-28 18:09:19Z INFO JobExtension] Check server connectivity for https://acghubeus0.actions.githubusercontent.com/_apis/health.
[2024-12-28 18:09:19Z INFO JobExtension] Check server connectivity for https://results-receiver.actions.githubusercontent.com/health.
[2024-12-28 18:09:19Z INFO JobExtension] Check server connectivity for https://pkg.actions.githubusercontent.com.
[2024-12-28 18:09:19Z INFO JobExtension] Check server connectivity for https://actions-results-receiver-production.githubapp.com/health.
[2024-12-28 18:09:19Z INFO JobExtension] Check server connectivity for https://pipelinesghubeus4.actions.githubusercontent.com/_apis/health.
[2024-12-28 18:09:19Z INFO JobExtension] Start checking service connectivity in background.
[2024-12-28 18:09:19Z INFO ExecutionContext] Publish step telemetry for current step {
  "action": "setup_job",
  "type": "runner",
  "stage": "Pre",
  "stepId": "c526dbfc-b5b9-4dc7-b9a4-8675be557fc5",
  "result": "succeeded",
  "errorMessages": [],
  "executionTimeInSeconds": 2,
  "startTime": "2024-12-28T18:09:18.1693875Z",
  "finishTime": "2024-12-28T18:09:19.4601862Z"
}.
[2024-12-28 18:09:19Z INFO JobRunner] Total job steps: 4.
[2024-12-28 18:09:19Z INFO JobRunner] Run all job steps.
[2024-12-28 18:09:19Z INFO StepsRunner] Processing step: DisplayName='Initialize containers'
[2024-12-28 18:09:19Z INFO StepsRunner] Evaluating: success()
[2024-12-28 18:09:19Z INFO StepsRunner] Result: true
[2024-12-28 18:09:19Z INFO StepsRunner] Starting the step.
[2024-12-28 18:09:19Z INFO ExecutionContext] Reserve record order 6 to 10 for post job actions.
[2024-12-28 18:09:19Z INFO HostContext] Well known directory 'Bin': '/home/cljacbs2/Documents/ECEA 5305/assignment-1-cdyjcbs/actions-runner/bin'
[2024-12-28 18:09:19Z INFO HostContext] Well known directory 'Root': '/home/cljacbs2/Documents/ECEA 5305/assignment-1-cdyjcbs/actions-runner'
[2024-12-28 18:09:19Z INFO HostContext] Well known directory 'Diag': '/home/cljacbs2/Documents/ECEA 5305/assignment-1-cdyjcbs/actions-runner/_diag'
[2024-12-28 18:09:19Z INFO HostContext] Well known directory 'Bin': '/home/cljacbs2/Documents/ECEA 5305/assignment-1-cdyjcbs/actions-runner/bin'
[2024-12-28 18:09:19Z INFO HostContext] Well known directory 'Root': '/home/cljacbs2/Documents/ECEA 5305/assignment-1-cdyjcbs/actions-runner'
[2024-12-28 18:09:19Z INFO HostContext] Well known directory 'Diag': '/home/cljacbs2/Documents/ECEA 5305/assignment-1-cdyjcbs/actions-runner/_diag'
[2024-12-28 18:09:19Z INFO ProcessInvokerWrapper] Starting process:
[2024-12-28 18:09:19Z INFO ProcessInvokerWrapper]   File name: '/usr/bin/docker'
[2024-12-28 18:09:19Z INFO ProcessInvokerWrapper]   Arguments: 'version --format '{{.Server.APIVersion}}''
[2024-12-28 18:09:19Z INFO ProcessInvokerWrapper]   Working directory: '/home/cljacbs2/Documents/ECEA 5305/assignment-1-cdyjcbs/actions-runner/_work/assignment-1-cdyjcbs/assignment-1-cdyjcbs'
[2024-12-28 18:09:19Z INFO ProcessInvokerWrapper]   Require exit code zero: 'True'
[2024-12-28 18:09:19Z INFO ProcessInvokerWrapper]   Encoding web name:  ; code page: ''
[2024-12-28 18:09:19Z INFO ProcessInvokerWrapper]   Force kill process on cancellation: 'False'
[2024-12-28 18:09:19Z INFO ProcessInvokerWrapper]   Redirected STDIN: 'False'
[2024-12-28 18:09:19Z INFO ProcessInvokerWrapper]   Persist current code page: 'False'
[2024-12-28 18:09:19Z INFO ProcessInvokerWrapper]   Keep redirected STDIN open: 'False'
[2024-12-28 18:09:19Z INFO ProcessInvokerWrapper]   High priority process: 'False'
[2024-12-28 18:09:19Z INFO ProcessInvokerWrapper] Updated oom_score_adj to 500 for PID: 4451.
[2024-12-28 18:09:19Z INFO ProcessInvokerWrapper] Process started with process id 4451, waiting for process exit.
[2024-12-28 18:09:19Z INFO ProcessInvokerWrapper] STDOUT/STDERR stream read finished.
[2024-12-28 18:09:19Z INFO ProcessInvokerWrapper] STDOUT/STDERR stream read finished.
[2024-12-28 18:09:19Z INFO ProcessInvokerWrapper] Finished process 4451 with exit code 1, and elapsed time 00:00:00.0603462.
[2024-12-28 18:09:19Z ERR  StepsRunner] Caught exception from step: GitHub.Runner.Sdk.ProcessExitCodeException: Exit code 1 returned from process: file name '/usr/bin/docker', arguments 'version --format '{{.Server.APIVersion}}''.
   at GitHub.Runner.Sdk.ProcessInvoker.ExecuteAsync(String workingDirectory, String fileName, String arguments, IDictionary`2 environment, Boolean requireExitCodeZero, Encoding outputEncoding, Boolean killProcessOnCancel, Channel`1 redirectStandardIn, Boolean inheritConsoleHandler, Boolean keepStandardInOpen, Boolean highPriorityProcess, CancellationToken cancellationToken)
   at GitHub.Runner.Common.ProcessInvokerWrapper.ExecuteAsync(String workingDirectory, String fileName, String arguments, IDictionary`2 environment, Boolean requireExitCodeZero, Encoding outputEncoding, Boolean killProcessOnCancel, Channel`1 redirectStandardIn, Boolean inheritConsoleHandler, Boolean keepStandardInOpen, Boolean highPriorityProcess, CancellationToken cancellationToken)
   at GitHub.Runner.Worker.Container.DockerCommandManager.ExecuteDockerCommandAsync(IExecutionContext context, String command, String options)
   at GitHub.Runner.Worker.Container.DockerCommandManager.DockerVersion(IExecutionContext context)
   at GitHub.Runner.Worker.ContainerOperationProvider.AssertCompatibleOS(IExecutionContext executionContext)
   at GitHub.Runner.Worker.ContainerOperationProvider.StartContainersAsync(IExecutionContext executionContext, Object data)
   at GitHub.Runner.Worker.JobExtensionRunner.RunAsync()
   at GitHub.Runner.Worker.StepsRunner.RunStepAsync(IStep step, CancellationToken jobCancellationToken)
[2024-12-28 18:09:19Z INFO StepsRunner] Step result: Failed
[2024-12-28 18:09:19Z INFO ExecutionContext] Publish step telemetry for current step {
  "action": "initialize_containers",
  "type": "runner",
  "stage": "Pre",
  "stepId": "be9602b0-f38b-4852-841f-386c424c42d1",
  "stepContextName": "be9602b0f38b4852841f386c424c42d1",
  "result": "failed",
  "errorMessages": [
    "Exit code 1 returned from process: file name '/usr/bin/docker', arguments 'version --format '{{.Server.APIVersion}}''."
  ],
  "executionTimeInSeconds": 1,
  "startTime": "2024-12-28T18:09:19.4674494Z",
  "finishTime": "2024-12-28T18:09:19.5522266Z"
}.
[2024-12-28 18:09:19Z INFO StepsRunner] Update job result with current step result 'Failed'.
[2024-12-28 18:09:19Z INFO StepsRunner] Current state: job state = 'Failed'
[2024-12-28 18:09:19Z INFO StepsRunner] Processing step: DisplayName='Run actions/checkout@v2'
[2024-12-28 18:09:19Z INFO StepsRunner] Evaluating: success()
[2024-12-28 18:09:19Z INFO StepsRunner] Result: false
[2024-12-28 18:09:19Z INFO StepsRunner] Skipping step due to condition evaluation.
[2024-12-28 18:09:19Z INFO StepsRunner] No need for updating job result with current step result 'Skipped'.
[2024-12-28 18:09:19Z INFO StepsRunner] Current state: job state = 'Failed'
[2024-12-28 18:09:19Z INFO StepsRunner] Processing step: DisplayName='Checkout submodules'
[2024-12-28 18:09:19Z INFO StepsRunner] Evaluating: success()
[2024-12-28 18:09:19Z INFO StepsRunner] Result: false
[2024-12-28 18:09:19Z INFO StepsRunner] Skipping step due to condition evaluation.
[2024-12-28 18:09:19Z INFO StepsRunner] No need for updating job result with current step result 'Skipped'.
[2024-12-28 18:09:19Z INFO StepsRunner] Current state: job state = 'Failed'
[2024-12-28 18:09:19Z INFO StepsRunner] Processing step: DisplayName='Run unit test'
[2024-12-28 18:09:19Z INFO StepsRunner] Evaluating: success()
[2024-12-28 18:09:19Z INFO StepsRunner] Result: false
[2024-12-28 18:09:19Z INFO StepsRunner] Skipping step due to condition evaluation.
[2024-12-28 18:09:19Z INFO StepsRunner] No need for updating job result with current step result 'Skipped'.
[2024-12-28 18:09:19Z INFO StepsRunner] Current state: job state = 'Failed'
[2024-12-28 18:09:19Z INFO StepsRunner] Processing step: DisplayName='Stop containers'
[2024-12-28 18:09:19Z INFO StepsRunner] Evaluating: always()
[2024-12-28 18:09:19Z INFO StepsRunner] Result: true
[2024-12-28 18:09:19Z INFO StepsRunner] Starting the step.
[2024-12-28 18:09:19Z ERR  StepsRunner] Caught exception from step: System.ArgumentNullException: Value cannot be null. (Parameter 'network')
   at GitHub.Runner.Sdk.ArgUtil.NotNull(Object value, String name)
   at GitHub.Runner.Worker.ContainerOperationProvider.RemoveContainerNetworkAsync(IExecutionContext executionContext, String network)
   at GitHub.Runner.Worker.ContainerOperationProvider.StopContainersAsync(IExecutionContext executionContext, Object data)
   at GitHub.Runner.Worker.JobExtensionRunner.RunAsync()
   at GitHub.Runner.Worker.StepsRunner.RunStepAsync(IStep step, CancellationToken jobCancellationToken)
[2024-12-28 18:09:19Z INFO StepsRunner] Step result: Failed
[2024-12-28 18:09:19Z INFO StepsRunner] Update job result with current step result 'Failed'.
[2024-12-28 18:09:19Z INFO StepsRunner] Current state: job state = 'Failed'
[2024-12-28 18:09:19Z INFO JobRunner] Finalize job.
[2024-12-28 18:09:19Z INFO HostContext] Well known directory 'Bin': '/home/cljacbs2/Documents/ECEA 5305/assignment-1-cdyjcbs/actions-runner/bin'
[2024-12-28 18:09:19Z INFO HostContext] Well known directory 'Root': '/home/cljacbs2/Documents/ECEA 5305/assignment-1-cdyjcbs/actions-runner'
[2024-12-28 18:09:19Z INFO HostContext] Well known directory 'Diag': '/home/cljacbs2/Documents/ECEA 5305/assignment-1-cdyjcbs/actions-runner/_diag'
[2024-12-28 18:09:19Z INFO HostContext] Well known directory 'Bin': '/home/cljacbs2/Documents/ECEA 5305/assignment-1-cdyjcbs/actions-runner/bin'
[2024-12-28 18:09:19Z INFO HostContext] Well known directory 'Root': '/home/cljacbs2/Documents/ECEA 5305/assignment-1-cdyjcbs/actions-runner'
[2024-12-28 18:09:19Z INFO HostContext] Well known directory 'Diag': '/home/cljacbs2/Documents/ECEA 5305/assignment-1-cdyjcbs/actions-runner/_diag'
[2024-12-28 18:09:19Z INFO JobExtension] Initialize Env context
[2024-12-28 18:09:19Z INFO JobExtension] Initialize steps context
[2024-12-28 18:09:19Z INFO JobExtension] Total accessible running process: 226.
[2024-12-28 18:09:19Z INFO JobExtension] Wait for all connectivity checks to finish.
[2024-12-28 18:09:19Z INFO JobServerQueue] Try to append 1 batches web console lines for record 'c526dbfc-b5b9-4dc7-b9a4-8675be557fc5', success rate: 1/1.
[2024-12-28 18:09:19Z INFO JobServerQueue] Try to append 1 batches web console lines for record 'be9602b0-f38b-4852-841f-386c424c42d1', success rate: 1/1.
[2024-12-28 18:09:19Z INFO JobServerQueue] Try to append 1 batches web console lines for record 'f0785ae4-4565-4d26-9e77-43db1ffee8c0', success rate: 1/1.
[2024-12-28 18:09:19Z INFO JobServerQueue] Try to append 1 batches web console lines for record '799f8b38-728a-4a61-995e-f5631fccc2e1', success rate: 1/1.
[2024-12-28 18:09:19Z INFO JobExtension] Connectivity check result: GitHub.Runner.Worker.JobExtension+CheckResult
[2024-12-28 18:09:19Z INFO JobExtension] Connectivity check result: GitHub.Runner.Worker.JobExtension+CheckResult
[2024-12-28 18:09:19Z INFO JobExtension] Connectivity check result: GitHub.Runner.Worker.JobExtension+CheckResult
[2024-12-28 18:09:19Z INFO JobExtension] Connectivity check result: GitHub.Runner.Worker.JobExtension+CheckResult
[2024-12-28 18:09:19Z INFO JobExtension] Connectivity check result: GitHub.Runner.Worker.JobExtension+CheckResult
[2024-12-28 18:09:19Z INFO ExecutionContext] Publish step telemetry for current step {
  "action": "complete_job",
  "type": "runner",
  "stage": "Post",
  "stepId": "799f8b38-728a-4a61-995e-f5631fccc2e1",
  "result": "succeeded",
  "errorMessages": [],
  "executionTimeInSeconds": 1,
  "startTime": "2024-12-28T18:09:19.5638244Z",
  "finishTime": "2024-12-28T18:09:19.7529036Z"
}.
[2024-12-28 18:09:19Z INFO JobRunner] Job result after all job steps finish: Failed
[2024-12-28 18:09:19Z INFO JobRunner] Completing the job execution context.
[2024-12-28 18:09:19Z INFO JobRunner] Shutting down the job server queue.
[2024-12-28 18:09:19Z INFO JobServerQueue] Fire signal to shutdown all queues.
[2024-12-28 18:09:20Z INFO JobServerQueue] All queue process task stopped.
[2024-12-28 18:09:20Z INFO JobServerQueue] Web console line queue drained.
[2024-12-28 18:09:20Z INFO JobServerQueue] Uploading 5 files in one shot.
[2024-12-28 18:09:20Z INFO JobServerQueue] Try to upload 5 log files or attachments, success rate: 5/5.
[2024-12-28 18:09:20Z INFO JobServerQueue] File upload queue drained.
[2024-12-28 18:09:20Z INFO JobServerQueue] Starting results-based upload queue...
[2024-12-28 18:09:20Z INFO JobServerQueue] Uploading 5 file(s) in one shot through results service.
[2024-12-28 18:09:20Z INFO JobServerQueue] Got a step log file to send to results service.
[2024-12-28 18:09:20Z INFO JobServerQueue] Starting upload of step log file to results service ResultsLog, /home/cljacbs2/Documents/ECEA 5305/assignment-1-cdyjcbs/actions-runner/_diag/blocks/1f086bcc-3453-4c8c-af2a-b07444446dcd_c526dbfc-b5b9-4dc7-b9a4-8675be557fc5.1
[2024-12-28 18:09:21Z INFO JobServerQueue] Got a step log file to send to results service.
[2024-12-28 18:09:21Z INFO JobServerQueue] Starting upload of step log file to results service ResultsLog, /home/cljacbs2/Documents/ECEA 5305/assignment-1-cdyjcbs/actions-runner/_diag/blocks/1f086bcc-3453-4c8c-af2a-b07444446dcd_be9602b0-f38b-4852-841f-386c424c42d1.1
[2024-12-28 18:09:21Z INFO JobServerQueue] Got a step log file to send to results service.
[2024-12-28 18:09:21Z INFO JobServerQueue] Starting upload of step log file to results service ResultsLog, /home/cljacbs2/Documents/ECEA 5305/assignment-1-cdyjcbs/actions-runner/_diag/blocks/1f086bcc-3453-4c8c-af2a-b07444446dcd_f0785ae4-4565-4d26-9e77-43db1ffee8c0.1
[2024-12-28 18:09:21Z INFO JobServerQueue] Got a step log file to send to results service.
[2024-12-28 18:09:21Z INFO JobServerQueue] Starting upload of step log file to results service ResultsLog, /home/cljacbs2/Documents/ECEA 5305/assignment-1-cdyjcbs/actions-runner/_diag/blocks/1f086bcc-3453-4c8c-af2a-b07444446dcd_799f8b38-728a-4a61-995e-f5631fccc2e1.1
[2024-12-28 18:09:22Z INFO JobServerQueue] Got a job log file to send to results service.
[2024-12-28 18:09:22Z INFO JobServerQueue] Starting upload of job log file to results service ResultsLog, /home/cljacbs2/Documents/ECEA 5305/assignment-1-cdyjcbs/actions-runner/_diag/blocks/1f086bcc-3453-4c8c-af2a-b07444446dcd_0e10f8dd-85b5-5bee-19c6-47fc7db6f171.1
[2024-12-28 18:09:22Z INFO JobServerQueue] Tried to upload 5 file(s) to results, success rate: 5/5.
[2024-12-28 18:09:22Z INFO JobServerQueue] Results upload queue drained.
[2024-12-28 18:09:22Z INFO JobServerQueue] Timeline update queue drained.
[2024-12-28 18:09:22Z INFO JobServerQueue] Disposing job server ...
[2024-12-28 18:09:22Z INFO JobServerQueue] Disposing results server ...
[2024-12-28 18:09:22Z INFO JobServerQueue] All queue process tasks have been stopped, and all queues are drained.
[2024-12-28 18:09:22Z INFO JobServerQueue] Actions upload time: 764 ms, Result upload time: 1294 ms
[2024-12-28 18:09:22Z INFO TempDirectoryManager] Cleaning runner temp folder: /home/cljacbs2/Documents/ECEA 5305/assignment-1-cdyjcbs/actions-runner/_work/_temp
[2024-12-28 18:09:22Z INFO HostContext] Well known directory 'Bin': '/home/cljacbs2/Documents/ECEA 5305/assignment-1-cdyjcbs/actions-runner/bin'
[2024-12-28 18:09:22Z INFO HostContext] Well known directory 'Root': '/home/cljacbs2/Documents/ECEA 5305/assignment-1-cdyjcbs/actions-runner'
[2024-12-28 18:09:22Z INFO HostContext] Well known directory 'Diag': '/home/cljacbs2/Documents/ECEA 5305/assignment-1-cdyjcbs/actions-runner/_diag'
[2024-12-28 18:09:22Z INFO HostContext] Well known config file 'Telemetry': '/home/cljacbs2/Documents/ECEA 5305/assignment-1-cdyjcbs/actions-runner/_diag/.telemetry'
[2024-12-28 18:09:22Z INFO JobRunner] Raising job completed event
[2024-12-28 18:09:22Z INFO Worker] Job completed.
